INFO  2009-10-12 15:45:40,912 - ************************************************************** 
INFO  2009-10-12 15:45:40,912 - Starting Jakarta Velocity v1.4
INFO  2009-10-12 15:45:40,912 - RuntimeInstance initializing.
INFO  2009-10-12 15:45:40,912 - Default Properties File: org\apache\velocity\runtime\defaults\velocity.properties
INFO  2009-10-12 15:45:40,912 - Default ResourceManager initializing. (class org.apache.velocity.runtime.resource.ResourceManagerImpl)
INFO  2009-10-12 15:45:40,912 - Resource Loader Instantiated: org.apache.velocity.runtime.resource.loader.FileResourceLoader
INFO  2009-10-12 15:45:40,912 - FileResourceLoader : initialization starting.
INFO  2009-10-12 15:45:40,912 - FileResourceLoader : adding path '.'
INFO  2009-10-12 15:45:40,912 - FileResourceLoader : initialization complete.
INFO  2009-10-12 15:45:40,912 - Resource Loader Instantiated: org.andromda.templateengines.velocity.ClasspathResourceLoader
INFO  2009-10-12 15:45:40,912 - ClasspathResourceLoader : initialization starting.
INFO  2009-10-12 15:45:40,912 - ClasspathResourceLoader : initialization complete.
INFO  2009-10-12 15:45:40,912 - ResourceCache : initialized. (class org.apache.velocity.runtime.resource.ResourceCacheImpl)
INFO  2009-10-12 15:45:40,912 - Default ResourceManager initialization complete.
INFO  2009-10-12 15:45:40,922 - Loaded System Directive: org.apache.velocity.runtime.directive.Literal
INFO  2009-10-12 15:45:40,922 - Loaded System Directive: org.apache.velocity.runtime.directive.Macro
INFO  2009-10-12 15:45:40,922 - Loaded System Directive: org.apache.velocity.runtime.directive.Parse
INFO  2009-10-12 15:45:40,922 - Loaded System Directive: org.apache.velocity.runtime.directive.Include
INFO  2009-10-12 15:45:40,922 - Loaded System Directive: org.apache.velocity.runtime.directive.Foreach
INFO  2009-10-12 15:45:40,992 - Created: 20 parsers.
INFO  2009-10-12 15:45:40,992 - Velocimacro : initialization starting.
INFO  2009-10-12 15:45:40,992 - Velocimacro : adding VMs from VM library template : templates/meta/RenderTranslation.vm
INFO  2009-10-12 15:45:41,012 - Velocimacro : added new VM : #renderTranslation( modelElement constraintKind ) : source = templates/meta/RenderTranslation.vm
INFO  2009-10-12 15:45:41,012 - ResourceManager : found templates/meta/RenderTranslation.vm with loader org.andromda.templateengines.velocity.ClasspathResourceLoader
INFO  2009-10-12 15:45:41,012 - Velocimacro :  VM library template macro registration complete.
INFO  2009-10-12 15:45:41,012 - Velocimacro : allowInline = true : VMs can be defined inline in templates
INFO  2009-10-12 15:45:41,012 - Velocimacro : allowInlineToOverride = false : VMs defined inline may NOT replace previous VM definitions
INFO  2009-10-12 15:45:41,012 - Velocimacro : allowInlineLocal = false : VMs defined inline will be  global in scope if allowed.
INFO  2009-10-12 15:45:41,012 - Velocimacro : messages on  : VM system will output logging messages
INFO  2009-10-12 15:45:41,012 - Velocimacro : autoload off  : VM system will not automatically reload global library macros
INFO  2009-10-12 15:45:41,012 - Velocimacro : initialization complete.
INFO  2009-10-12 15:45:41,012 - Velocity successfully started.
INFO  2009-10-12 15:51:18,888 - ************************************************************** 
INFO  2009-10-12 15:51:18,888 - Starting Jakarta Velocity v1.4
INFO  2009-10-12 15:51:18,888 - RuntimeInstance initializing.
INFO  2009-10-12 15:51:18,888 - Default Properties File: org\apache\velocity\runtime\defaults\velocity.properties
INFO  2009-10-12 15:51:18,888 - Default ResourceManager initializing. (class org.apache.velocity.runtime.resource.ResourceManagerImpl)
INFO  2009-10-12 15:51:18,888 - Resource Loader Instantiated: org.apache.velocity.runtime.resource.loader.FileResourceLoader
INFO  2009-10-12 15:51:18,888 - FileResourceLoader : initialization starting.
INFO  2009-10-12 15:51:18,888 - FileResourceLoader : adding path '.'
INFO  2009-10-12 15:51:18,888 - FileResourceLoader : initialization complete.
INFO  2009-10-12 15:51:18,888 - Resource Loader Instantiated: org.andromda.templateengines.velocity.ClasspathResourceLoader
INFO  2009-10-12 15:51:18,888 - ClasspathResourceLoader : initialization starting.
INFO  2009-10-12 15:51:18,888 - ClasspathResourceLoader : initialization complete.
INFO  2009-10-12 15:51:18,888 - ResourceCache : initialized. (class org.apache.velocity.runtime.resource.ResourceCacheImpl)
INFO  2009-10-12 15:51:18,888 - Default ResourceManager initialization complete.
INFO  2009-10-12 15:51:18,898 - Loaded System Directive: org.apache.velocity.runtime.directive.Literal
INFO  2009-10-12 15:51:18,898 - Loaded System Directive: org.apache.velocity.runtime.directive.Macro
INFO  2009-10-12 15:51:18,898 - Loaded System Directive: org.apache.velocity.runtime.directive.Parse
INFO  2009-10-12 15:51:18,898 - Loaded System Directive: org.apache.velocity.runtime.directive.Include
INFO  2009-10-12 15:51:18,908 - Loaded System Directive: org.apache.velocity.runtime.directive.Foreach
INFO  2009-10-12 15:51:18,958 - Created: 20 parsers.
INFO  2009-10-12 15:51:18,958 - Velocimacro : initialization starting.
INFO  2009-10-12 15:51:18,958 - Velocimacro : adding VMs from VM library template : templates/meta/RenderTranslation.vm
INFO  2009-10-12 15:51:18,978 - Velocimacro : added new VM : #renderTranslation( modelElement constraintKind ) : source = templates/meta/RenderTranslation.vm
INFO  2009-10-12 15:51:18,978 - ResourceManager : found templates/meta/RenderTranslation.vm with loader org.andromda.templateengines.velocity.ClasspathResourceLoader
INFO  2009-10-12 15:51:18,978 - Velocimacro :  VM library template macro registration complete.
INFO  2009-10-12 15:51:18,978 - Velocimacro : allowInline = true : VMs can be defined inline in templates
INFO  2009-10-12 15:51:18,978 - Velocimacro : allowInlineToOverride = false : VMs defined inline may NOT replace previous VM definitions
INFO  2009-10-12 15:51:18,978 - Velocimacro : allowInlineLocal = false : VMs defined inline will be  global in scope if allowed.
INFO  2009-10-12 15:51:18,978 - Velocimacro : messages on  : VM system will output logging messages
INFO  2009-10-12 15:51:18,978 - Velocimacro : autoload off  : VM system will not automatically reload global library macros
INFO  2009-10-12 15:51:18,978 - Velocimacro : initialization complete.
INFO  2009-10-12 15:51:18,978 - Velocity successfully started.
INFO  2009-10-12 15:51:19,088 - ResourceManager : found templates/meta/MetafacadeLogic.vsl with loader org.andromda.templateengines.velocity.ClasspathResourceLoader
INFO  2009-10-12 15:51:19,269 - ResourceManager : found templates/meta/MetafacadeLogicImpl.vsl with loader org.andromda.templateengines.velocity.ClasspathResourceLoader
INFO  2009-10-12 15:51:19,289 - ResourceManager : found templates/meta/Metafacade.vsl with loader org.andromda.templateengines.velocity.ClasspathResourceLoader
INFO  2009-10-12 15:51:19,319 - ResourceManager : found templates/meta/PSMmetaclass.vsl with loader org.andromda.templateengines.velocity.ClasspathResourceLoader
INFO  2009-10-12 16:16:15,260 - ************************************************************** 
INFO  2009-10-12 16:16:15,260 - Starting Jakarta Velocity v1.4
INFO  2009-10-12 16:16:15,260 - RuntimeInstance initializing.
INFO  2009-10-12 16:16:15,260 - Default Properties File: org\apache\velocity\runtime\defaults\velocity.properties
INFO  2009-10-12 16:16:15,270 - Default ResourceManager initializing. (class org.apache.velocity.runtime.resource.ResourceManagerImpl)
INFO  2009-10-12 16:16:15,270 - Resource Loader Instantiated: org.apache.velocity.runtime.resource.loader.FileResourceLoader
INFO  2009-10-12 16:16:15,270 - FileResourceLoader : initialization starting.
INFO  2009-10-12 16:16:15,270 - FileResourceLoader : adding path '.'
INFO  2009-10-12 16:16:15,270 - FileResourceLoader : initialization complete.
INFO  2009-10-12 16:16:15,270 - Resource Loader Instantiated: org.andromda.templateengines.velocity.ClasspathResourceLoader
INFO  2009-10-12 16:16:15,270 - ClasspathResourceLoader : initialization starting.
INFO  2009-10-12 16:16:15,270 - ClasspathResourceLoader : initialization complete.
INFO  2009-10-12 16:16:15,270 - ResourceCache : initialized. (class org.apache.velocity.runtime.resource.ResourceCacheImpl)
INFO  2009-10-12 16:16:15,270 - Default ResourceManager initialization complete.
INFO  2009-10-12 16:16:15,270 - Loaded System Directive: org.apache.velocity.runtime.directive.Literal
INFO  2009-10-12 16:16:15,270 - Loaded System Directive: org.apache.velocity.runtime.directive.Macro
INFO  2009-10-12 16:16:15,270 - Loaded System Directive: org.apache.velocity.runtime.directive.Parse
INFO  2009-10-12 16:16:15,270 - Loaded System Directive: org.apache.velocity.runtime.directive.Include
INFO  2009-10-12 16:16:15,270 - Loaded System Directive: org.apache.velocity.runtime.directive.Foreach
INFO  2009-10-12 16:16:15,320 - Created: 20 parsers.
INFO  2009-10-12 16:16:15,320 - Velocimacro : initialization starting.
INFO  2009-10-12 16:16:15,320 - Velocimacro : adding VMs from VM library template : templates/meta/RenderTranslation.vm
INFO  2009-10-12 16:16:15,340 - Velocimacro : added new VM : #renderTranslation( modelElement constraintKind ) : source = templates/meta/RenderTranslation.vm
INFO  2009-10-12 16:16:15,340 - ResourceManager : found templates/meta/RenderTranslation.vm with loader org.andromda.templateengines.velocity.ClasspathResourceLoader
INFO  2009-10-12 16:16:15,340 - Velocimacro :  VM library template macro registration complete.
INFO  2009-10-12 16:16:15,340 - Velocimacro : allowInline = true : VMs can be defined inline in templates
INFO  2009-10-12 16:16:15,340 - Velocimacro : allowInlineToOverride = false : VMs defined inline may NOT replace previous VM definitions
INFO  2009-10-12 16:16:15,340 - Velocimacro : allowInlineLocal = false : VMs defined inline will be  global in scope if allowed.
INFO  2009-10-12 16:16:15,340 - Velocimacro : messages on  : VM system will output logging messages
INFO  2009-10-12 16:16:15,340 - Velocimacro : autoload off  : VM system will not automatically reload global library macros
INFO  2009-10-12 16:16:15,340 - Velocimacro : initialization complete.
INFO  2009-10-12 16:16:15,340 - Velocity successfully started.
INFO  2009-10-12 16:16:15,460 - ResourceManager : found templates/meta/MetafacadeLogic.vsl with loader org.andromda.templateengines.velocity.ClasspathResourceLoader
INFO  2009-10-12 16:16:15,660 - ResourceManager : found templates/meta/MetafacadeLogicImpl.vsl with loader org.andromda.templateengines.velocity.ClasspathResourceLoader
INFO  2009-10-12 16:16:15,680 - ResourceManager : found templates/meta/Metafacade.vsl with loader org.andromda.templateengines.velocity.ClasspathResourceLoader
INFO  2009-10-12 16:16:15,700 - ResourceManager : found templates/meta/PSMmetaclass.vsl with loader org.andromda.templateengines.velocity.ClasspathResourceLoader
INFO  2009-11-10 20:57:28,580 - ************************************************************** 
INFO  2009-11-10 20:57:28,580 - Starting Jakarta Velocity v1.4
INFO  2009-11-10 20:57:28,580 - RuntimeInstance initializing.
INFO  2009-11-10 20:57:28,580 - Default Properties File: org\apache\velocity\runtime\defaults\velocity.properties
INFO  2009-11-10 20:57:28,590 - Default ResourceManager initializing. (class org.apache.velocity.runtime.resource.ResourceManagerImpl)
INFO  2009-11-10 20:57:28,590 - Resource Loader Instantiated: org.apache.velocity.runtime.resource.loader.FileResourceLoader
INFO  2009-11-10 20:57:28,590 - FileResourceLoader : initialization starting.
INFO  2009-11-10 20:57:28,590 - FileResourceLoader : adding path '.'
INFO  2009-11-10 20:57:28,590 - FileResourceLoader : initialization complete.
INFO  2009-11-10 20:57:28,590 - Resource Loader Instantiated: org.andromda.templateengines.velocity.ClasspathResourceLoader
INFO  2009-11-10 20:57:28,590 - ClasspathResourceLoader : initialization starting.
INFO  2009-11-10 20:57:28,590 - ClasspathResourceLoader : initialization complete.
INFO  2009-11-10 20:57:28,590 - ResourceCache : initialized. (class org.apache.velocity.runtime.resource.ResourceCacheImpl)
INFO  2009-11-10 20:57:28,590 - Default ResourceManager initialization complete.
INFO  2009-11-10 20:57:28,590 - Loaded System Directive: org.apache.velocity.runtime.directive.Literal
INFO  2009-11-10 20:57:28,590 - Loaded System Directive: org.apache.velocity.runtime.directive.Macro
INFO  2009-11-10 20:57:28,600 - Loaded System Directive: org.apache.velocity.runtime.directive.Parse
INFO  2009-11-10 20:57:28,600 - Loaded System Directive: org.apache.velocity.runtime.directive.Include
INFO  2009-11-10 20:57:28,600 - Loaded System Directive: org.apache.velocity.runtime.directive.Foreach
INFO  2009-11-10 20:57:28,660 - Created: 20 parsers.
INFO  2009-11-10 20:57:28,670 - Velocimacro : initialization starting.
INFO  2009-11-10 20:57:28,670 - Velocimacro : adding VMs from VM library template : templates/meta/RenderTranslation.vm
INFO  2009-11-10 20:57:28,690 - Velocimacro : added new VM : #renderTranslation( modelElement constraintKind ) : source = templates/meta/RenderTranslation.vm
INFO  2009-11-10 20:57:28,700 - ResourceManager : found templates/meta/RenderTranslation.vm with loader org.andromda.templateengines.velocity.ClasspathResourceLoader
INFO  2009-11-10 20:57:28,700 - Velocimacro :  VM library template macro registration complete.
INFO  2009-11-10 20:57:28,700 - Velocimacro : allowInline = true : VMs can be defined inline in templates
INFO  2009-11-10 20:57:28,700 - Velocimacro : allowInlineToOverride = false : VMs defined inline may NOT replace previous VM definitions
INFO  2009-11-10 20:57:28,700 - Velocimacro : allowInlineLocal = false : VMs defined inline will be  global in scope if allowed.
INFO  2009-11-10 20:57:28,700 - Velocimacro : messages on  : VM system will output logging messages
INFO  2009-11-10 20:57:28,700 - Velocimacro : autoload off  : VM system will not automatically reload global library macros
INFO  2009-11-10 20:57:28,700 - Velocimacro : initialization complete.
INFO  2009-11-10 20:57:28,700 - Velocity successfully started.
INFO  2009-11-10 20:57:28,830 - ResourceManager : found templates/meta/MetafacadeLogic.vsl with loader org.andromda.templateengines.velocity.ClasspathResourceLoader
INFO  2009-11-10 20:57:29,171 - ResourceManager : found templates/meta/MetafacadeLogicImpl.vsl with loader org.andromda.templateengines.velocity.ClasspathResourceLoader
INFO  2009-11-10 20:57:29,241 - ResourceManager : found templates/meta/Metafacade.vsl with loader org.andromda.templateengines.velocity.ClasspathResourceLoader
INFO  2009-11-10 20:57:29,281 - ResourceManager : found templates/meta/PSMmetaclass.vsl with loader org.andromda.templateengines.velocity.ClasspathResourceLoader
INFO  2009-11-10 21:09:48,999 - ************************************************************** 
INFO  2009-11-10 21:09:48,999 - Starting Jakarta Velocity v1.4
INFO  2009-11-10 21:09:48,999 - RuntimeInstance initializing.
INFO  2009-11-10 21:09:48,999 - Default Properties File: org\apache\velocity\runtime\defaults\velocity.properties
INFO  2009-11-10 21:09:48,999 - Default ResourceManager initializing. (class org.apache.velocity.runtime.resource.ResourceManagerImpl)
INFO  2009-11-10 21:09:49,013 - Resource Loader Instantiated: org.apache.velocity.runtime.resource.loader.FileResourceLoader
INFO  2009-11-10 21:09:49,013 - FileResourceLoader : initialization starting.
INFO  2009-11-10 21:09:49,013 - FileResourceLoader : adding path '.'
INFO  2009-11-10 21:09:49,013 - FileResourceLoader : initialization complete.
INFO  2009-11-10 21:09:49,013 - Resource Loader Instantiated: org.andromda.templateengines.velocity.ClasspathResourceLoader
INFO  2009-11-10 21:09:49,013 - ClasspathResourceLoader : initialization starting.
INFO  2009-11-10 21:09:49,013 - ClasspathResourceLoader : initialization complete.
INFO  2009-11-10 21:09:49,028 - ResourceCache : initialized. (class org.apache.velocity.runtime.resource.ResourceCacheImpl)
INFO  2009-11-10 21:09:49,028 - Default ResourceManager initialization complete.
INFO  2009-11-10 21:09:49,028 - Loaded System Directive: org.apache.velocity.runtime.directive.Literal
INFO  2009-11-10 21:09:49,028 - Loaded System Directive: org.apache.velocity.runtime.directive.Macro
INFO  2009-11-10 21:09:49,028 - Loaded System Directive: org.apache.velocity.runtime.directive.Parse
INFO  2009-11-10 21:09:49,043 - Loaded System Directive: org.apache.velocity.runtime.directive.Include
INFO  2009-11-10 21:09:49,043 - Loaded System Directive: org.apache.velocity.runtime.directive.Foreach
INFO  2009-11-10 21:09:49,131 - Created: 20 parsers.
INFO  2009-11-10 21:09:49,131 - Velocimacro : initialization starting.
INFO  2009-11-10 21:09:49,131 - Velocimacro : adding VMs from VM library template : templates/meta/RenderTranslation.vm
INFO  2009-11-10 21:09:49,175 - Velocimacro : added new VM : #renderTranslation( modelElement constraintKind ) : source = templates/meta/RenderTranslation.vm
INFO  2009-11-10 21:09:49,175 - ResourceManager : found templates/meta/RenderTranslation.vm with loader org.andromda.templateengines.velocity.ClasspathResourceLoader
INFO  2009-11-10 21:09:49,175 - Velocimacro :  VM library template macro registration complete.
INFO  2009-11-10 21:09:49,175 - Velocimacro : allowInline = true : VMs can be defined inline in templates
INFO  2009-11-10 21:09:49,175 - Velocimacro : allowInlineToOverride = false : VMs defined inline may NOT replace previous VM definitions
INFO  2009-11-10 21:09:49,175 - Velocimacro : allowInlineLocal = false : VMs defined inline will be  global in scope if allowed.
INFO  2009-11-10 21:09:49,175 - Velocimacro : messages on  : VM system will output logging messages
INFO  2009-11-10 21:09:49,175 - Velocimacro : autoload off  : VM system will not automatically reload global library macros
INFO  2009-11-10 21:09:49,175 - Velocimacro : initialization complete.
INFO  2009-11-10 21:09:49,175 - Velocity successfully started.
INFO  2009-11-10 21:09:49,424 - ResourceManager : found templates/meta/MetafacadeLogic.vsl with loader org.andromda.templateengines.velocity.ClasspathResourceLoader
INFO  2009-11-10 21:09:49,820 - ResourceManager : found templates/meta/MetafacadeLogicImpl.vsl with loader org.andromda.templateengines.velocity.ClasspathResourceLoader
INFO  2009-11-10 21:09:49,849 - ResourceManager : found templates/meta/Metafacade.vsl with loader org.andromda.templateengines.velocity.ClasspathResourceLoader
INFO  2009-11-10 21:09:49,908 - ResourceManager : found templates/meta/PSMmetaclass.vsl with loader org.andromda.templateengines.velocity.ClasspathResourceLoader
INFO  2009-11-10 22:00:56,091 - ************************************************************** 
INFO  2009-11-10 22:00:56,091 - Starting Jakarta Velocity v1.4
INFO  2009-11-10 22:00:56,091 - RuntimeInstance initializing.
INFO  2009-11-10 22:00:56,091 - Default Properties File: org\apache\velocity\runtime\defaults\velocity.properties
INFO  2009-11-10 22:00:56,106 - Default ResourceManager initializing. (class org.apache.velocity.runtime.resource.ResourceManagerImpl)
INFO  2009-11-10 22:00:56,106 - Resource Loader Instantiated: org.apache.velocity.runtime.resource.loader.FileResourceLoader
INFO  2009-11-10 22:00:56,106 - FileResourceLoader : initialization starting.
INFO  2009-11-10 22:00:56,106 - FileResourceLoader : adding path '.'
INFO  2009-11-10 22:00:56,106 - FileResourceLoader : initialization complete.
INFO  2009-11-10 22:00:56,106 - Resource Loader Instantiated: org.andromda.templateengines.velocity.ClasspathResourceLoader
INFO  2009-11-10 22:00:56,106 - ClasspathResourceLoader : initialization starting.
INFO  2009-11-10 22:00:56,106 - ClasspathResourceLoader : initialization complete.
INFO  2009-11-10 22:00:56,106 - ResourceCache : initialized. (class org.apache.velocity.runtime.resource.ResourceCacheImpl)
INFO  2009-11-10 22:00:56,106 - Default ResourceManager initialization complete.
INFO  2009-11-10 22:00:56,106 - Loaded System Directive: org.apache.velocity.runtime.directive.Literal
INFO  2009-11-10 22:00:56,106 - Loaded System Directive: org.apache.velocity.runtime.directive.Macro
INFO  2009-11-10 22:00:56,121 - Loaded System Directive: org.apache.velocity.runtime.directive.Parse
INFO  2009-11-10 22:00:56,121 - Loaded System Directive: org.apache.velocity.runtime.directive.Include
INFO  2009-11-10 22:00:56,121 - Loaded System Directive: org.apache.velocity.runtime.directive.Foreach
INFO  2009-11-10 22:00:56,227 - Created: 20 parsers.
INFO  2009-11-10 22:00:56,227 - Velocimacro : initialization starting.
INFO  2009-11-10 22:00:56,227 - Velocimacro : adding VMs from VM library template : templates/meta/RenderTranslation.vm
INFO  2009-11-10 22:00:56,272 - Velocimacro : added new VM : #renderTranslation( modelElement constraintKind ) : source = templates/meta/RenderTranslation.vm
INFO  2009-11-10 22:00:56,272 - ResourceManager : found templates/meta/RenderTranslation.vm with loader org.andromda.templateengines.velocity.ClasspathResourceLoader
INFO  2009-11-10 22:00:56,287 - Velocimacro :  VM library template macro registration complete.
INFO  2009-11-10 22:00:56,287 - Velocimacro : allowInline = true : VMs can be defined inline in templates
INFO  2009-11-10 22:00:56,287 - Velocimacro : allowInlineToOverride = false : VMs defined inline may NOT replace previous VM definitions
INFO  2009-11-10 22:00:56,287 - Velocimacro : allowInlineLocal = false : VMs defined inline will be  global in scope if allowed.
INFO  2009-11-10 22:00:56,287 - Velocimacro : messages on  : VM system will output logging messages
INFO  2009-11-10 22:00:56,287 - Velocimacro : autoload off  : VM system will not automatically reload global library macros
INFO  2009-11-10 22:00:56,287 - Velocimacro : initialization complete.
INFO  2009-11-10 22:00:56,287 - Velocity successfully started.
INFO  2009-11-10 22:00:56,527 - ResourceManager : found templates/meta/MetafacadeLogic.vsl with loader org.andromda.templateengines.velocity.ClasspathResourceLoader
INFO  2009-11-10 22:00:56,963 - ResourceManager : found templates/meta/MetafacadeLogicImpl.vsl with loader org.andromda.templateengines.velocity.ClasspathResourceLoader
INFO  2009-11-10 22:00:57,008 - ResourceManager : found templates/meta/Metafacade.vsl with loader org.andromda.templateengines.velocity.ClasspathResourceLoader
INFO  2009-11-10 22:00:57,053 - ResourceManager : found templates/meta/PSMmetaclass.vsl with loader org.andromda.templateengines.velocity.ClasspathResourceLoader
