INFO  2009-10-12 15:45:41,062 - ************************************************************** 
INFO  2009-10-12 15:45:41,062 - Starting Jakarta Velocity v1.4
INFO  2009-10-12 15:45:41,062 - RuntimeInstance initializing.
INFO  2009-10-12 15:45:41,062 - Default Properties File: org\apache\velocity\runtime\defaults\velocity.properties
INFO  2009-10-12 15:45:41,062 - Default ResourceManager initializing. (class org.apache.velocity.runtime.resource.ResourceManagerImpl)
INFO  2009-10-12 15:45:41,062 - Resource Loader Instantiated: org.apache.velocity.runtime.resource.loader.FileResourceLoader
INFO  2009-10-12 15:45:41,062 - FileResourceLoader : initialization starting.
INFO  2009-10-12 15:45:41,062 - FileResourceLoader : adding path '.'
INFO  2009-10-12 15:45:41,062 - FileResourceLoader : initialization complete.
INFO  2009-10-12 15:45:41,062 - Resource Loader Instantiated: org.andromda.templateengines.velocity.ClasspathResourceLoader
INFO  2009-10-12 15:45:41,072 - ClasspathResourceLoader : initialization starting.
INFO  2009-10-12 15:45:41,072 - ClasspathResourceLoader : initialization complete.
INFO  2009-10-12 15:45:41,072 - ResourceCache : initialized. (class org.apache.velocity.runtime.resource.ResourceCacheImpl)
INFO  2009-10-12 15:45:41,072 - Default ResourceManager initialization complete.
INFO  2009-10-12 15:45:41,072 - Loaded System Directive: org.apache.velocity.runtime.directive.Literal
INFO  2009-10-12 15:45:41,072 - Loaded System Directive: org.apache.velocity.runtime.directive.Macro
INFO  2009-10-12 15:45:41,072 - Loaded System Directive: org.apache.velocity.runtime.directive.Parse
INFO  2009-10-12 15:45:41,072 - Loaded System Directive: org.apache.velocity.runtime.directive.Include
INFO  2009-10-12 15:45:41,072 - Loaded System Directive: org.apache.velocity.runtime.directive.Foreach
INFO  2009-10-12 15:45:41,082 - Created: 20 parsers.
INFO  2009-10-12 15:45:41,082 - Velocimacro : initialization starting.
INFO  2009-10-12 15:45:41,082 - Velocimacro : adding VMs from VM library template : VM_global_library.vm
INFO  2009-10-12 15:45:41,082 - ResourceManager : unable to find resource 'VM_global_library.vm' in any resource loader.
INFO  2009-10-12 15:45:41,082 - Velocimacro : error using  VM library template VM_global_library.vm : org.apache.velocity.exception.ResourceNotFoundException: Unable to find resource 'VM_global_library.vm'
INFO  2009-10-12 15:45:41,082 - Velocimacro :  VM library template macro registration complete.
INFO  2009-10-12 15:45:41,082 - Velocimacro : allowInline = true : VMs can be defined inline in templates
INFO  2009-10-12 15:45:41,082 - Velocimacro : allowInlineToOverride = false : VMs defined inline may NOT replace previous VM definitions
INFO  2009-10-12 15:45:41,082 - Velocimacro : allowInlineLocal = false : VMs defined inline will be  global in scope if allowed.
INFO  2009-10-12 15:45:41,082 - Velocimacro : messages on  : VM system will output logging messages
INFO  2009-10-12 15:45:41,082 - Velocimacro : autoload off  : VM system will not automatically reload global library macros
INFO  2009-10-12 15:45:41,082 - Velocimacro : initialization complete.
INFO  2009-10-12 15:45:41,082 - Velocity successfully started.
INFO  2009-10-12 15:51:19,339 - ************************************************************** 
INFO  2009-10-12 15:51:19,339 - Starting Jakarta Velocity v1.4
INFO  2009-10-12 15:51:19,339 - RuntimeInstance initializing.
INFO  2009-10-12 15:51:19,339 - Default Properties File: org\apache\velocity\runtime\defaults\velocity.properties
INFO  2009-10-12 15:51:19,339 - Default ResourceManager initializing. (class org.apache.velocity.runtime.resource.ResourceManagerImpl)
INFO  2009-10-12 15:51:19,339 - Resource Loader Instantiated: org.apache.velocity.runtime.resource.loader.FileResourceLoader
INFO  2009-10-12 15:51:19,339 - FileResourceLoader : initialization starting.
INFO  2009-10-12 15:51:19,339 - FileResourceLoader : adding path '.'
INFO  2009-10-12 15:51:19,339 - FileResourceLoader : initialization complete.
INFO  2009-10-12 15:51:19,339 - Resource Loader Instantiated: org.andromda.templateengines.velocity.ClasspathResourceLoader
INFO  2009-10-12 15:51:19,339 - ClasspathResourceLoader : initialization starting.
INFO  2009-10-12 15:51:19,339 - ClasspathResourceLoader : initialization complete.
INFO  2009-10-12 15:51:19,339 - ResourceCache : initialized. (class org.apache.velocity.runtime.resource.ResourceCacheImpl)
INFO  2009-10-12 15:51:19,339 - Default ResourceManager initialization complete.
INFO  2009-10-12 15:51:19,339 - Loaded System Directive: org.apache.velocity.runtime.directive.Literal
INFO  2009-10-12 15:51:19,339 - Loaded System Directive: org.apache.velocity.runtime.directive.Macro
INFO  2009-10-12 15:51:19,339 - Loaded System Directive: org.apache.velocity.runtime.directive.Parse
INFO  2009-10-12 15:51:19,339 - Loaded System Directive: org.apache.velocity.runtime.directive.Include
INFO  2009-10-12 15:51:19,339 - Loaded System Directive: org.apache.velocity.runtime.directive.Foreach
INFO  2009-10-12 15:51:19,349 - Created: 20 parsers.
INFO  2009-10-12 15:51:19,349 - Velocimacro : initialization starting.
INFO  2009-10-12 15:51:19,349 - Velocimacro : adding VMs from VM library template : VM_global_library.vm
INFO  2009-10-12 15:51:19,349 - ResourceManager : unable to find resource 'VM_global_library.vm' in any resource loader.
INFO  2009-10-12 15:51:19,349 - Velocimacro : error using  VM library template VM_global_library.vm : org.apache.velocity.exception.ResourceNotFoundException: Unable to find resource 'VM_global_library.vm'
INFO  2009-10-12 15:51:19,349 - Velocimacro :  VM library template macro registration complete.
INFO  2009-10-12 15:51:19,349 - Velocimacro : allowInline = true : VMs can be defined inline in templates
INFO  2009-10-12 15:51:19,349 - Velocimacro : allowInlineToOverride = false : VMs defined inline may NOT replace previous VM definitions
INFO  2009-10-12 15:51:19,349 - Velocimacro : allowInlineLocal = false : VMs defined inline will be  global in scope if allowed.
INFO  2009-10-12 15:51:19,349 - Velocimacro : messages on  : VM system will output logging messages
INFO  2009-10-12 15:51:19,349 - Velocimacro : autoload off  : VM system will not automatically reload global library macros
INFO  2009-10-12 15:51:19,349 - Velocimacro : initialization complete.
INFO  2009-10-12 15:51:19,349 - Velocity successfully started.
INFO  2009-10-12 16:16:15,720 - ************************************************************** 
INFO  2009-10-12 16:16:15,720 - Starting Jakarta Velocity v1.4
INFO  2009-10-12 16:16:15,720 - RuntimeInstance initializing.
INFO  2009-10-12 16:16:15,720 - Default Properties File: org\apache\velocity\runtime\defaults\velocity.properties
INFO  2009-10-12 16:16:15,720 - Default ResourceManager initializing. (class org.apache.velocity.runtime.resource.ResourceManagerImpl)
INFO  2009-10-12 16:16:15,720 - Resource Loader Instantiated: org.apache.velocity.runtime.resource.loader.FileResourceLoader
INFO  2009-10-12 16:16:15,720 - FileResourceLoader : initialization starting.
INFO  2009-10-12 16:16:15,720 - FileResourceLoader : adding path '.'
INFO  2009-10-12 16:16:15,720 - FileResourceLoader : initialization complete.
INFO  2009-10-12 16:16:15,720 - Resource Loader Instantiated: org.andromda.templateengines.velocity.ClasspathResourceLoader
INFO  2009-10-12 16:16:15,720 - ClasspathResourceLoader : initialization starting.
INFO  2009-10-12 16:16:15,720 - ClasspathResourceLoader : initialization complete.
INFO  2009-10-12 16:16:15,720 - ResourceCache : initialized. (class org.apache.velocity.runtime.resource.ResourceCacheImpl)
INFO  2009-10-12 16:16:15,720 - Default ResourceManager initialization complete.
INFO  2009-10-12 16:16:15,720 - Loaded System Directive: org.apache.velocity.runtime.directive.Literal
INFO  2009-10-12 16:16:15,720 - Loaded System Directive: org.apache.velocity.runtime.directive.Macro
INFO  2009-10-12 16:16:15,720 - Loaded System Directive: org.apache.velocity.runtime.directive.Parse
INFO  2009-10-12 16:16:15,720 - Loaded System Directive: org.apache.velocity.runtime.directive.Include
INFO  2009-10-12 16:16:15,720 - Loaded System Directive: org.apache.velocity.runtime.directive.Foreach
INFO  2009-10-12 16:16:15,741 - Created: 20 parsers.
INFO  2009-10-12 16:16:15,741 - Velocimacro : initialization starting.
INFO  2009-10-12 16:16:15,741 - Velocimacro : adding VMs from VM library template : VM_global_library.vm
INFO  2009-10-12 16:16:15,741 - ResourceManager : unable to find resource 'VM_global_library.vm' in any resource loader.
INFO  2009-10-12 16:16:15,741 - Velocimacro : error using  VM library template VM_global_library.vm : org.apache.velocity.exception.ResourceNotFoundException: Unable to find resource 'VM_global_library.vm'
INFO  2009-10-12 16:16:15,741 - Velocimacro :  VM library template macro registration complete.
INFO  2009-10-12 16:16:15,741 - Velocimacro : allowInline = true : VMs can be defined inline in templates
INFO  2009-10-12 16:16:15,741 - Velocimacro : allowInlineToOverride = false : VMs defined inline may NOT replace previous VM definitions
INFO  2009-10-12 16:16:15,741 - Velocimacro : allowInlineLocal = false : VMs defined inline will be  global in scope if allowed.
INFO  2009-10-12 16:16:15,741 - Velocimacro : messages on  : VM system will output logging messages
INFO  2009-10-12 16:16:15,741 - Velocimacro : autoload off  : VM system will not automatically reload global library macros
INFO  2009-10-12 16:16:15,741 - Velocimacro : initialization complete.
INFO  2009-10-12 16:16:15,741 - Velocity successfully started.
INFO  2009-11-10 20:57:29,321 - ************************************************************** 
INFO  2009-11-10 20:57:29,321 - Starting Jakarta Velocity v1.4
INFO  2009-11-10 20:57:29,321 - RuntimeInstance initializing.
INFO  2009-11-10 20:57:29,321 - Default Properties File: org\apache\velocity\runtime\defaults\velocity.properties
INFO  2009-11-10 20:57:29,321 - Default ResourceManager initializing. (class org.apache.velocity.runtime.resource.ResourceManagerImpl)
INFO  2009-11-10 20:57:29,321 - Resource Loader Instantiated: org.apache.velocity.runtime.resource.loader.FileResourceLoader
INFO  2009-11-10 20:57:29,321 - FileResourceLoader : initialization starting.
INFO  2009-11-10 20:57:29,321 - FileResourceLoader : adding path '.'
INFO  2009-11-10 20:57:29,321 - FileResourceLoader : initialization complete.
INFO  2009-11-10 20:57:29,321 - Resource Loader Instantiated: org.andromda.templateengines.velocity.ClasspathResourceLoader
INFO  2009-11-10 20:57:29,321 - ClasspathResourceLoader : initialization starting.
INFO  2009-11-10 20:57:29,321 - ClasspathResourceLoader : initialization complete.
INFO  2009-11-10 20:57:29,321 - ResourceCache : initialized. (class org.apache.velocity.runtime.resource.ResourceCacheImpl)
INFO  2009-11-10 20:57:29,321 - Default ResourceManager initialization complete.
INFO  2009-11-10 20:57:29,331 - Loaded System Directive: org.apache.velocity.runtime.directive.Literal
INFO  2009-11-10 20:57:29,331 - Loaded System Directive: org.apache.velocity.runtime.directive.Macro
INFO  2009-11-10 20:57:29,331 - Loaded System Directive: org.apache.velocity.runtime.directive.Parse
INFO  2009-11-10 20:57:29,331 - Loaded System Directive: org.apache.velocity.runtime.directive.Include
INFO  2009-11-10 20:57:29,331 - Loaded System Directive: org.apache.velocity.runtime.directive.Foreach
INFO  2009-11-10 20:57:29,341 - Created: 20 parsers.
INFO  2009-11-10 20:57:29,341 - Velocimacro : initialization starting.
INFO  2009-11-10 20:57:29,341 - Velocimacro : adding VMs from VM library template : VM_global_library.vm
INFO  2009-11-10 20:57:29,341 - ResourceManager : unable to find resource 'VM_global_library.vm' in any resource loader.
INFO  2009-11-10 20:57:29,341 - Velocimacro : error using  VM library template VM_global_library.vm : org.apache.velocity.exception.ResourceNotFoundException: Unable to find resource 'VM_global_library.vm'
INFO  2009-11-10 20:57:29,341 - Velocimacro :  VM library template macro registration complete.
INFO  2009-11-10 20:57:29,341 - Velocimacro : allowInline = true : VMs can be defined inline in templates
INFO  2009-11-10 20:57:29,341 - Velocimacro : allowInlineToOverride = false : VMs defined inline may NOT replace previous VM definitions
INFO  2009-11-10 20:57:29,341 - Velocimacro : allowInlineLocal = false : VMs defined inline will be  global in scope if allowed.
INFO  2009-11-10 20:57:29,341 - Velocimacro : messages on  : VM system will output logging messages
INFO  2009-11-10 20:57:29,341 - Velocimacro : autoload off  : VM system will not automatically reload global library macros
INFO  2009-11-10 20:57:29,341 - Velocimacro : initialization complete.
INFO  2009-11-10 20:57:29,341 - Velocity successfully started.
INFO  2009-11-10 21:09:49,996 - ************************************************************** 
INFO  2009-11-10 21:09:49,996 - Starting Jakarta Velocity v1.4
INFO  2009-11-10 21:09:49,996 - RuntimeInstance initializing.
INFO  2009-11-10 21:09:49,996 - Default Properties File: org\apache\velocity\runtime\defaults\velocity.properties
INFO  2009-11-10 21:09:49,996 - Default ResourceManager initializing. (class org.apache.velocity.runtime.resource.ResourceManagerImpl)
INFO  2009-11-10 21:09:49,996 - Resource Loader Instantiated: org.apache.velocity.runtime.resource.loader.FileResourceLoader
INFO  2009-11-10 21:09:49,996 - FileResourceLoader : initialization starting.
INFO  2009-11-10 21:09:49,996 - FileResourceLoader : adding path '.'
INFO  2009-11-10 21:09:49,996 - FileResourceLoader : initialization complete.
INFO  2009-11-10 21:09:49,996 - Resource Loader Instantiated: org.andromda.templateengines.velocity.ClasspathResourceLoader
INFO  2009-11-10 21:09:49,996 - ClasspathResourceLoader : initialization starting.
INFO  2009-11-10 21:09:49,996 - ClasspathResourceLoader : initialization complete.
INFO  2009-11-10 21:09:49,996 - ResourceCache : initialized. (class org.apache.velocity.runtime.resource.ResourceCacheImpl)
INFO  2009-11-10 21:09:49,996 - Default ResourceManager initialization complete.
INFO  2009-11-10 21:09:49,996 - Loaded System Directive: org.apache.velocity.runtime.directive.Literal
INFO  2009-11-10 21:09:49,996 - Loaded System Directive: org.apache.velocity.runtime.directive.Macro
INFO  2009-11-10 21:09:49,996 - Loaded System Directive: org.apache.velocity.runtime.directive.Parse
INFO  2009-11-10 21:09:49,996 - Loaded System Directive: org.apache.velocity.runtime.directive.Include
INFO  2009-11-10 21:09:49,996 - Loaded System Directive: org.apache.velocity.runtime.directive.Foreach
INFO  2009-11-10 21:09:50,010 - Created: 20 parsers.
INFO  2009-11-10 21:09:50,010 - Velocimacro : initialization starting.
INFO  2009-11-10 21:09:50,010 - Velocimacro : adding VMs from VM library template : VM_global_library.vm
INFO  2009-11-10 21:09:50,010 - ResourceManager : unable to find resource 'VM_global_library.vm' in any resource loader.
INFO  2009-11-10 21:09:50,010 - Velocimacro : error using  VM library template VM_global_library.vm : org.apache.velocity.exception.ResourceNotFoundException: Unable to find resource 'VM_global_library.vm'
INFO  2009-11-10 21:09:50,010 - Velocimacro :  VM library template macro registration complete.
INFO  2009-11-10 21:09:50,010 - Velocimacro : allowInline = true : VMs can be defined inline in templates
INFO  2009-11-10 21:09:50,010 - Velocimacro : allowInlineToOverride = false : VMs defined inline may NOT replace previous VM definitions
INFO  2009-11-10 21:09:50,010 - Velocimacro : allowInlineLocal = false : VMs defined inline will be  global in scope if allowed.
INFO  2009-11-10 21:09:50,010 - Velocimacro : messages on  : VM system will output logging messages
INFO  2009-11-10 21:09:50,010 - Velocimacro : autoload off  : VM system will not automatically reload global library macros
INFO  2009-11-10 21:09:50,010 - Velocimacro : initialization complete.
INFO  2009-11-10 21:09:50,010 - Velocity successfully started.
INFO  2009-11-10 22:00:57,143 - ************************************************************** 
INFO  2009-11-10 22:00:57,143 - Starting Jakarta Velocity v1.4
INFO  2009-11-10 22:00:57,143 - RuntimeInstance initializing.
INFO  2009-11-10 22:00:57,143 - Default Properties File: org\apache\velocity\runtime\defaults\velocity.properties
INFO  2009-11-10 22:00:57,143 - Default ResourceManager initializing. (class org.apache.velocity.runtime.resource.ResourceManagerImpl)
INFO  2009-11-10 22:00:57,143 - Resource Loader Instantiated: org.apache.velocity.runtime.resource.loader.FileResourceLoader
INFO  2009-11-10 22:00:57,143 - FileResourceLoader : initialization starting.
INFO  2009-11-10 22:00:57,143 - FileResourceLoader : adding path '.'
INFO  2009-11-10 22:00:57,143 - FileResourceLoader : initialization complete.
INFO  2009-11-10 22:00:57,143 - Resource Loader Instantiated: org.andromda.templateengines.velocity.ClasspathResourceLoader
INFO  2009-11-10 22:00:57,143 - ClasspathResourceLoader : initialization starting.
INFO  2009-11-10 22:00:57,143 - ClasspathResourceLoader : initialization complete.
INFO  2009-11-10 22:00:57,143 - ResourceCache : initialized. (class org.apache.velocity.runtime.resource.ResourceCacheImpl)
INFO  2009-11-10 22:00:57,143 - Default ResourceManager initialization complete.
INFO  2009-11-10 22:00:57,158 - Loaded System Directive: org.apache.velocity.runtime.directive.Literal
INFO  2009-11-10 22:00:57,158 - Loaded System Directive: org.apache.velocity.runtime.directive.Macro
INFO  2009-11-10 22:00:57,158 - Loaded System Directive: org.apache.velocity.runtime.directive.Parse
INFO  2009-11-10 22:00:57,158 - Loaded System Directive: org.apache.velocity.runtime.directive.Include
INFO  2009-11-10 22:00:57,158 - Loaded System Directive: org.apache.velocity.runtime.directive.Foreach
INFO  2009-11-10 22:00:57,173 - Created: 20 parsers.
INFO  2009-11-10 22:00:57,173 - Velocimacro : initialization starting.
INFO  2009-11-10 22:00:57,173 - Velocimacro : adding VMs from VM library template : VM_global_library.vm
INFO  2009-11-10 22:00:57,173 - ResourceManager : unable to find resource 'VM_global_library.vm' in any resource loader.
INFO  2009-11-10 22:00:57,173 - Velocimacro : error using  VM library template VM_global_library.vm : org.apache.velocity.exception.ResourceNotFoundException: Unable to find resource 'VM_global_library.vm'
INFO  2009-11-10 22:00:57,173 - Velocimacro :  VM library template macro registration complete.
INFO  2009-11-10 22:00:57,173 - Velocimacro : allowInline = true : VMs can be defined inline in templates
INFO  2009-11-10 22:00:57,173 - Velocimacro : allowInlineToOverride = false : VMs defined inline may NOT replace previous VM definitions
INFO  2009-11-10 22:00:57,173 - Velocimacro : allowInlineLocal = false : VMs defined inline will be  global in scope if allowed.
INFO  2009-11-10 22:00:57,173 - Velocimacro : messages on  : VM system will output logging messages
INFO  2009-11-10 22:00:57,173 - Velocimacro : autoload off  : VM system will not automatically reload global library macros
INFO  2009-11-10 22:00:57,173 - Velocimacro : initialization complete.
INFO  2009-11-10 22:00:57,173 - Velocity successfully started.
