INFO  2009-10-12 15:51:27,621 - ************************************************************** 
INFO  2009-10-12 15:51:27,621 - Starting Jakarta Velocity v1.4
INFO  2009-10-12 15:51:27,621 - RuntimeInstance initializing.
INFO  2009-10-12 15:51:27,621 - Default Properties File: org\apache\velocity\runtime\defaults\velocity.properties
INFO  2009-10-12 15:51:27,631 - Default ResourceManager initializing. (class org.apache.velocity.runtime.resource.ResourceManagerImpl)
INFO  2009-10-12 15:51:27,631 - Resource Loader Instantiated: org.apache.velocity.runtime.resource.loader.FileResourceLoader
INFO  2009-10-12 15:51:27,631 - FileResourceLoader : initialization starting.
INFO  2009-10-12 15:51:27,631 - FileResourceLoader : adding path '.'
INFO  2009-10-12 15:51:27,631 - FileResourceLoader : initialization complete.
INFO  2009-10-12 15:51:27,631 - Resource Loader Instantiated: org.andromda.templateengines.velocity.ClasspathResourceLoader
INFO  2009-10-12 15:51:27,631 - ClasspathResourceLoader : initialization starting.
INFO  2009-10-12 15:51:27,631 - ClasspathResourceLoader : initialization complete.
INFO  2009-10-12 15:51:27,631 - ResourceCache : initialized. (class org.apache.velocity.runtime.resource.ResourceCacheImpl)
INFO  2009-10-12 15:51:27,631 - Default ResourceManager initialization complete.
INFO  2009-10-12 15:51:27,631 - Loaded System Directive: org.apache.velocity.runtime.directive.Literal
INFO  2009-10-12 15:51:27,631 - Loaded System Directive: org.apache.velocity.runtime.directive.Macro
INFO  2009-10-12 15:51:27,631 - Loaded System Directive: org.apache.velocity.runtime.directive.Parse
INFO  2009-10-12 15:51:27,631 - Loaded System Directive: org.apache.velocity.runtime.directive.Include
INFO  2009-10-12 15:51:27,631 - Loaded System Directive: org.apache.velocity.runtime.directive.Foreach
INFO  2009-10-12 15:51:27,671 - Created: 20 parsers.
INFO  2009-10-12 15:51:27,681 - Velocimacro : initialization starting.
INFO  2009-10-12 15:51:27,681 - Velocimacro : adding VMs from VM library template : VM_global_library.vm
INFO  2009-10-12 15:51:27,681 - ResourceManager : unable to find resource 'VM_global_library.vm' in any resource loader.
INFO  2009-10-12 15:51:27,681 - Velocimacro : error using  VM library template VM_global_library.vm : org.apache.velocity.exception.ResourceNotFoundException: Unable to find resource 'VM_global_library.vm'
INFO  2009-10-12 15:51:27,681 - Velocimacro :  VM library template macro registration complete.
INFO  2009-10-12 15:51:27,681 - Velocimacro : allowInline = true : VMs can be defined inline in templates
INFO  2009-10-12 15:51:27,681 - Velocimacro : allowInlineToOverride = false : VMs defined inline may NOT replace previous VM definitions
INFO  2009-10-12 15:51:27,681 - Velocimacro : allowInlineLocal = false : VMs defined inline will be  global in scope if allowed.
INFO  2009-10-12 15:51:27,681 - Velocimacro : messages on  : VM system will output logging messages
INFO  2009-10-12 15:51:27,681 - Velocimacro : autoload off  : VM system will not automatically reload global library macros
INFO  2009-10-12 15:51:27,681 - Velocimacro : initialization complete.
INFO  2009-10-12 15:51:27,681 - Velocity successfully started.
DEBUG 2009-10-12 15:51:27,681 - performing VelocityTemplateEngine.processTemplate with templateFile 'templates/SimpleClass.vsl' and templateObjects '{clases=org.andromda.cartridges.simpleclass.metafacades.SimpleClassFacadeLogicImpl[Usuario], strUtils=org.apache.commons.lang.StringUtils@344a47}'
INFO  2009-10-12 15:51:27,691 - ResourceManager : found templates/SimpleClass.vsl with loader org.andromda.templateengines.velocity.ClasspathResourceLoader
INFO  2009-10-12 15:51:27,691 - org.apache.velocity.runtime.exception.ReferenceException: reference : template = logtag [line 1,column 1] : ${outputFileName} is not a valid reference.
DEBUG 2009-10-12 15:51:27,691 - Empty Output: 'file:/C:/Documents%20and%20Settings/Complementos%202009/Escritorio/cartridge_clean/target/cartridge-test/actual/$%7BoutputFileName%7D.php' --> not writing
INFO  2009-10-12 16:06:22,878 - ************************************************************** 
INFO  2009-10-12 16:06:22,878 - Starting Jakarta Velocity v1.4
INFO  2009-10-12 16:06:22,878 - RuntimeInstance initializing.
INFO  2009-10-12 16:06:22,878 - Default Properties File: org\apache\velocity\runtime\defaults\velocity.properties
INFO  2009-10-12 16:06:22,888 - Default ResourceManager initializing. (class org.apache.velocity.runtime.resource.ResourceManagerImpl)
INFO  2009-10-12 16:06:22,888 - Resource Loader Instantiated: org.apache.velocity.runtime.resource.loader.FileResourceLoader
INFO  2009-10-12 16:06:22,888 - FileResourceLoader : initialization starting.
INFO  2009-10-12 16:06:22,888 - FileResourceLoader : adding path '.'
INFO  2009-10-12 16:06:22,888 - FileResourceLoader : initialization complete.
INFO  2009-10-12 16:06:22,888 - Resource Loader Instantiated: org.andromda.templateengines.velocity.ClasspathResourceLoader
INFO  2009-10-12 16:06:22,888 - ClasspathResourceLoader : initialization starting.
INFO  2009-10-12 16:06:22,888 - ClasspathResourceLoader : initialization complete.
INFO  2009-10-12 16:06:22,888 - ResourceCache : initialized. (class org.apache.velocity.runtime.resource.ResourceCacheImpl)
INFO  2009-10-12 16:06:22,888 - Default ResourceManager initialization complete.
INFO  2009-10-12 16:06:22,888 - Loaded System Directive: org.apache.velocity.runtime.directive.Literal
INFO  2009-10-12 16:06:22,888 - Loaded System Directive: org.apache.velocity.runtime.directive.Macro
INFO  2009-10-12 16:06:22,888 - Loaded System Directive: org.apache.velocity.runtime.directive.Parse
INFO  2009-10-12 16:06:22,898 - Loaded System Directive: org.apache.velocity.runtime.directive.Include
INFO  2009-10-12 16:06:22,898 - Loaded System Directive: org.apache.velocity.runtime.directive.Foreach
INFO  2009-10-12 16:06:22,948 - Created: 20 parsers.
INFO  2009-10-12 16:06:22,948 - Velocimacro : initialization starting.
INFO  2009-10-12 16:06:22,948 - Velocimacro : adding VMs from VM library template : VM_global_library.vm
INFO  2009-10-12 16:06:22,948 - ResourceManager : unable to find resource 'VM_global_library.vm' in any resource loader.
INFO  2009-10-12 16:06:22,948 - Velocimacro : error using  VM library template VM_global_library.vm : org.apache.velocity.exception.ResourceNotFoundException: Unable to find resource 'VM_global_library.vm'
INFO  2009-10-12 16:06:22,948 - Velocimacro :  VM library template macro registration complete.
INFO  2009-10-12 16:06:22,948 - Velocimacro : allowInline = true : VMs can be defined inline in templates
INFO  2009-10-12 16:06:22,948 - Velocimacro : allowInlineToOverride = false : VMs defined inline may NOT replace previous VM definitions
INFO  2009-10-12 16:06:22,948 - Velocimacro : allowInlineLocal = false : VMs defined inline will be  global in scope if allowed.
INFO  2009-10-12 16:06:22,948 - Velocimacro : messages on  : VM system will output logging messages
INFO  2009-10-12 16:06:22,948 - Velocimacro : autoload off  : VM system will not automatically reload global library macros
INFO  2009-10-12 16:06:22,948 - Velocimacro : initialization complete.
INFO  2009-10-12 16:06:22,948 - Velocity successfully started.
DEBUG 2009-10-12 16:06:22,958 - performing VelocityTemplateEngine.processTemplate with templateFile 'templates/SimpleClass.vsl' and templateObjects '{clases=org.andromda.cartridges.simpleclass.metafacades.SimpleClassFacadeLogicImpl[Usuario], strUtils=org.apache.commons.lang.StringUtils@1d29c1}'
INFO  2009-10-12 16:06:22,958 - ResourceManager : found templates/SimpleClass.vsl with loader org.andromda.templateengines.velocity.ClasspathResourceLoader
INFO  2009-10-12 16:06:22,958 - org.apache.velocity.runtime.exception.ReferenceException: reference : template = logtag [line 1,column 1] : ${outputFileName} is not a valid reference.
DEBUG 2009-10-12 16:06:22,958 - Empty Output: 'file:/C:/Documents%20and%20Settings/Complementos%202009/Escritorio/cartridge_clean/target/cartridge-test/actual/$%7BoutputFileName%7D.php' --> not writing
INFO  2009-10-12 16:07:19,740 - ************************************************************** 
INFO  2009-10-12 16:07:19,740 - Starting Jakarta Velocity v1.4
INFO  2009-10-12 16:07:19,740 - RuntimeInstance initializing.
INFO  2009-10-12 16:07:19,740 - Default Properties File: org\apache\velocity\runtime\defaults\velocity.properties
INFO  2009-10-12 16:07:19,740 - Default ResourceManager initializing. (class org.apache.velocity.runtime.resource.ResourceManagerImpl)
INFO  2009-10-12 16:07:19,740 - Resource Loader Instantiated: org.apache.velocity.runtime.resource.loader.FileResourceLoader
INFO  2009-10-12 16:07:19,740 - FileResourceLoader : initialization starting.
INFO  2009-10-12 16:07:19,740 - FileResourceLoader : adding path '.'
INFO  2009-10-12 16:07:19,740 - FileResourceLoader : initialization complete.
INFO  2009-10-12 16:07:19,740 - Resource Loader Instantiated: org.andromda.templateengines.velocity.ClasspathResourceLoader
INFO  2009-10-12 16:07:19,740 - ClasspathResourceLoader : initialization starting.
INFO  2009-10-12 16:07:19,740 - ClasspathResourceLoader : initialization complete.
INFO  2009-10-12 16:07:19,740 - ResourceCache : initialized. (class org.apache.velocity.runtime.resource.ResourceCacheImpl)
INFO  2009-10-12 16:07:19,740 - Default ResourceManager initialization complete.
INFO  2009-10-12 16:07:19,740 - Loaded System Directive: org.apache.velocity.runtime.directive.Literal
INFO  2009-10-12 16:07:19,740 - Loaded System Directive: org.apache.velocity.runtime.directive.Macro
INFO  2009-10-12 16:07:19,740 - Loaded System Directive: org.apache.velocity.runtime.directive.Parse
INFO  2009-10-12 16:07:19,750 - Loaded System Directive: org.apache.velocity.runtime.directive.Include
INFO  2009-10-12 16:07:19,750 - Loaded System Directive: org.apache.velocity.runtime.directive.Foreach
INFO  2009-10-12 16:07:19,790 - Created: 20 parsers.
INFO  2009-10-12 16:07:19,800 - Velocimacro : initialization starting.
INFO  2009-10-12 16:07:19,800 - Velocimacro : adding VMs from VM library template : VM_global_library.vm
INFO  2009-10-12 16:07:19,800 - ResourceManager : unable to find resource 'VM_global_library.vm' in any resource loader.
INFO  2009-10-12 16:07:19,800 - Velocimacro : error using  VM library template VM_global_library.vm : org.apache.velocity.exception.ResourceNotFoundException: Unable to find resource 'VM_global_library.vm'
INFO  2009-10-12 16:07:19,800 - Velocimacro :  VM library template macro registration complete.
INFO  2009-10-12 16:07:19,800 - Velocimacro : allowInline = true : VMs can be defined inline in templates
INFO  2009-10-12 16:07:19,800 - Velocimacro : allowInlineToOverride = false : VMs defined inline may NOT replace previous VM definitions
INFO  2009-10-12 16:07:19,800 - Velocimacro : allowInlineLocal = false : VMs defined inline will be  global in scope if allowed.
INFO  2009-10-12 16:07:19,800 - Velocimacro : messages on  : VM system will output logging messages
INFO  2009-10-12 16:07:19,800 - Velocimacro : autoload off  : VM system will not automatically reload global library macros
INFO  2009-10-12 16:07:19,800 - Velocimacro : initialization complete.
INFO  2009-10-12 16:07:19,800 - Velocity successfully started.
DEBUG 2009-10-12 16:07:19,800 - performing VelocityTemplateEngine.processTemplate with templateFile 'templates/SimpleClass.vsl' and templateObjects '{clases=org.andromda.cartridges.simpleclass.metafacades.SimpleClassFacadeLogicImpl[Usuario], strUtils=org.apache.commons.lang.StringUtils@1f61bcf}'
INFO  2009-10-12 16:07:19,820 - ResourceManager : found templates/SimpleClass.vsl with loader org.andromda.templateengines.velocity.ClasspathResourceLoader
INFO  2009-10-12 16:07:19,820 - RHS of #set statement is null. Context will not be modified. templates/SimpleClass.vsl [line 3, column 1]
DEBUG 2009-10-12 16:07:19,830 - mappingObject stereotypes --> '[]'
DEBUG 2009-10-12 16:07:19,830 - mappingObject stereotypes --> '[]'
DEBUG 2009-10-12 16:07:19,830 - mappingObject stereotypes --> '[]'
DEBUG 2009-10-12 16:07:19,830 - mappingObject stereotypes --> '[]'
INFO  2009-10-12 16:10:37,825 - ************************************************************** 
INFO  2009-10-12 16:10:37,825 - Starting Jakarta Velocity v1.4
INFO  2009-10-12 16:10:37,825 - RuntimeInstance initializing.
INFO  2009-10-12 16:10:37,825 - Default Properties File: org\apache\velocity\runtime\defaults\velocity.properties
INFO  2009-10-12 16:10:37,825 - Default ResourceManager initializing. (class org.apache.velocity.runtime.resource.ResourceManagerImpl)
INFO  2009-10-12 16:10:37,825 - Resource Loader Instantiated: org.apache.velocity.runtime.resource.loader.FileResourceLoader
INFO  2009-10-12 16:10:37,825 - FileResourceLoader : initialization starting.
INFO  2009-10-12 16:10:37,825 - FileResourceLoader : adding path '.'
INFO  2009-10-12 16:10:37,825 - FileResourceLoader : initialization complete.
INFO  2009-10-12 16:10:37,825 - Resource Loader Instantiated: org.andromda.templateengines.velocity.ClasspathResourceLoader
INFO  2009-10-12 16:10:37,825 - ClasspathResourceLoader : initialization starting.
INFO  2009-10-12 16:10:37,825 - ClasspathResourceLoader : initialization complete.
INFO  2009-10-12 16:10:37,825 - ResourceCache : initialized. (class org.apache.velocity.runtime.resource.ResourceCacheImpl)
INFO  2009-10-12 16:10:37,825 - Default ResourceManager initialization complete.
INFO  2009-10-12 16:10:37,825 - Loaded System Directive: org.apache.velocity.runtime.directive.Literal
INFO  2009-10-12 16:10:37,835 - Loaded System Directive: org.apache.velocity.runtime.directive.Macro
INFO  2009-10-12 16:10:37,835 - Loaded System Directive: org.apache.velocity.runtime.directive.Parse
INFO  2009-10-12 16:10:37,835 - Loaded System Directive: org.apache.velocity.runtime.directive.Include
INFO  2009-10-12 16:10:37,835 - Loaded System Directive: org.apache.velocity.runtime.directive.Foreach
INFO  2009-10-12 16:10:37,885 - Created: 20 parsers.
INFO  2009-10-12 16:10:37,885 - Velocimacro : initialization starting.
INFO  2009-10-12 16:10:37,885 - Velocimacro : adding VMs from VM library template : VM_global_library.vm
INFO  2009-10-12 16:10:37,895 - ResourceManager : unable to find resource 'VM_global_library.vm' in any resource loader.
INFO  2009-10-12 16:10:37,895 - Velocimacro : error using  VM library template VM_global_library.vm : org.apache.velocity.exception.ResourceNotFoundException: Unable to find resource 'VM_global_library.vm'
INFO  2009-10-12 16:10:37,895 - Velocimacro :  VM library template macro registration complete.
INFO  2009-10-12 16:10:37,895 - Velocimacro : allowInline = true : VMs can be defined inline in templates
INFO  2009-10-12 16:10:37,895 - Velocimacro : allowInlineToOverride = false : VMs defined inline may NOT replace previous VM definitions
INFO  2009-10-12 16:10:37,895 - Velocimacro : allowInlineLocal = false : VMs defined inline will be  global in scope if allowed.
INFO  2009-10-12 16:10:37,895 - Velocimacro : messages on  : VM system will output logging messages
INFO  2009-10-12 16:10:37,895 - Velocimacro : autoload off  : VM system will not automatically reload global library macros
INFO  2009-10-12 16:10:37,895 - Velocimacro : initialization complete.
INFO  2009-10-12 16:10:37,895 - Velocity successfully started.
DEBUG 2009-10-12 16:10:37,895 - performing VelocityTemplateEngine.processTemplate with templateFile 'templates/SimpleClass.vsl' and templateObjects '{clases=org.andromda.cartridges.simpleclass.metafacades.SimpleClassFacadeLogicImpl[Usuario], strUtils=org.apache.commons.lang.StringUtils@1e0f790}'
INFO  2009-10-12 16:10:37,915 - ResourceManager : found templates/SimpleClass.vsl with loader org.andromda.templateengines.velocity.ClasspathResourceLoader
INFO  2009-10-12 16:10:37,915 - RHS of #set statement is null. Context will not be modified. templates/SimpleClass.vsl [line 3, column 1]
DEBUG 2009-10-12 16:10:37,915 - mappingObject stereotypes --> '[]'
DEBUG 2009-10-12 16:10:37,915 - mappingObject stereotypes --> '[]'
DEBUG 2009-10-12 16:10:37,915 - mappingObject stereotypes --> '[]'
DEBUG 2009-10-12 16:10:37,915 - mappingObject stereotypes --> '[]'
INFO  2009-10-12 16:12:40,962 - ************************************************************** 
INFO  2009-10-12 16:12:40,962 - Starting Jakarta Velocity v1.4
INFO  2009-10-12 16:12:40,962 - RuntimeInstance initializing.
INFO  2009-10-12 16:12:40,962 - Default Properties File: org\apache\velocity\runtime\defaults\velocity.properties
INFO  2009-10-12 16:12:40,962 - Default ResourceManager initializing. (class org.apache.velocity.runtime.resource.ResourceManagerImpl)
INFO  2009-10-12 16:12:40,962 - Resource Loader Instantiated: org.apache.velocity.runtime.resource.loader.FileResourceLoader
INFO  2009-10-12 16:12:40,962 - FileResourceLoader : initialization starting.
INFO  2009-10-12 16:12:40,962 - FileResourceLoader : adding path '.'
INFO  2009-10-12 16:12:40,962 - FileResourceLoader : initialization complete.
INFO  2009-10-12 16:12:40,962 - Resource Loader Instantiated: org.andromda.templateengines.velocity.ClasspathResourceLoader
INFO  2009-10-12 16:12:40,962 - ClasspathResourceLoader : initialization starting.
INFO  2009-10-12 16:12:40,962 - ClasspathResourceLoader : initialization complete.
INFO  2009-10-12 16:12:40,962 - ResourceCache : initialized. (class org.apache.velocity.runtime.resource.ResourceCacheImpl)
INFO  2009-10-12 16:12:40,962 - Default ResourceManager initialization complete.
INFO  2009-10-12 16:12:40,962 - Loaded System Directive: org.apache.velocity.runtime.directive.Literal
INFO  2009-10-12 16:12:40,962 - Loaded System Directive: org.apache.velocity.runtime.directive.Macro
INFO  2009-10-12 16:12:40,962 - Loaded System Directive: org.apache.velocity.runtime.directive.Parse
INFO  2009-10-12 16:12:40,962 - Loaded System Directive: org.apache.velocity.runtime.directive.Include
INFO  2009-10-12 16:12:40,962 - Loaded System Directive: org.apache.velocity.runtime.directive.Foreach
INFO  2009-10-12 16:12:41,012 - Created: 20 parsers.
INFO  2009-10-12 16:12:41,022 - Velocimacro : initialization starting.
INFO  2009-10-12 16:12:41,022 - Velocimacro : adding VMs from VM library template : VM_global_library.vm
INFO  2009-10-12 16:12:41,022 - ResourceManager : unable to find resource 'VM_global_library.vm' in any resource loader.
INFO  2009-10-12 16:12:41,022 - Velocimacro : error using  VM library template VM_global_library.vm : org.apache.velocity.exception.ResourceNotFoundException: Unable to find resource 'VM_global_library.vm'
INFO  2009-10-12 16:12:41,022 - Velocimacro :  VM library template macro registration complete.
INFO  2009-10-12 16:12:41,022 - Velocimacro : allowInline = true : VMs can be defined inline in templates
INFO  2009-10-12 16:12:41,022 - Velocimacro : allowInlineToOverride = false : VMs defined inline may NOT replace previous VM definitions
INFO  2009-10-12 16:12:41,022 - Velocimacro : allowInlineLocal = false : VMs defined inline will be  global in scope if allowed.
INFO  2009-10-12 16:12:41,022 - Velocimacro : messages on  : VM system will output logging messages
INFO  2009-10-12 16:12:41,022 - Velocimacro : autoload off  : VM system will not automatically reload global library macros
INFO  2009-10-12 16:12:41,022 - Velocimacro : initialization complete.
INFO  2009-10-12 16:12:41,022 - Velocity successfully started.
DEBUG 2009-10-12 16:12:41,022 - performing VelocityTemplateEngine.processTemplate with templateFile 'templates/SimpleClass.vsl' and templateObjects '{clases=org.andromda.cartridges.simpleclass.metafacades.SimpleClassFacadeLogicImpl[Usuario], strUtils=org.apache.commons.lang.StringUtils@129df79}'
INFO  2009-10-12 16:12:41,042 - ResourceManager : found templates/SimpleClass.vsl with loader org.andromda.templateengines.velocity.ClasspathResourceLoader
INFO  2009-10-12 16:12:41,042 - RHS of #set statement is null. Context will not be modified. templates/SimpleClass.vsl [line 3, column 1]
DEBUG 2009-10-12 16:12:41,042 - mappingObject stereotypes --> '[]'
DEBUG 2009-10-12 16:12:41,042 - mappingObject stereotypes --> '[]'
DEBUG 2009-10-12 16:12:41,042 - mappingObject stereotypes --> '[]'
DEBUG 2009-10-12 16:12:41,042 - mappingObject stereotypes --> '[]'
INFO  2009-10-12 16:14:28,496 - ************************************************************** 
INFO  2009-10-12 16:14:28,496 - Starting Jakarta Velocity v1.4
INFO  2009-10-12 16:14:28,496 - RuntimeInstance initializing.
INFO  2009-10-12 16:14:28,496 - Default Properties File: org\apache\velocity\runtime\defaults\velocity.properties
INFO  2009-10-12 16:14:28,496 - Default ResourceManager initializing. (class org.apache.velocity.runtime.resource.ResourceManagerImpl)
INFO  2009-10-12 16:14:28,496 - Resource Loader Instantiated: org.apache.velocity.runtime.resource.loader.FileResourceLoader
INFO  2009-10-12 16:14:28,496 - FileResourceLoader : initialization starting.
INFO  2009-10-12 16:14:28,496 - FileResourceLoader : adding path '.'
INFO  2009-10-12 16:14:28,496 - FileResourceLoader : initialization complete.
INFO  2009-10-12 16:14:28,496 - Resource Loader Instantiated: org.andromda.templateengines.velocity.ClasspathResourceLoader
INFO  2009-10-12 16:14:28,496 - ClasspathResourceLoader : initialization starting.
INFO  2009-10-12 16:14:28,496 - ClasspathResourceLoader : initialization complete.
INFO  2009-10-12 16:14:28,496 - ResourceCache : initialized. (class org.apache.velocity.runtime.resource.ResourceCacheImpl)
INFO  2009-10-12 16:14:28,496 - Default ResourceManager initialization complete.
INFO  2009-10-12 16:14:28,496 - Loaded System Directive: org.apache.velocity.runtime.directive.Literal
INFO  2009-10-12 16:14:28,496 - Loaded System Directive: org.apache.velocity.runtime.directive.Macro
INFO  2009-10-12 16:14:28,496 - Loaded System Directive: org.apache.velocity.runtime.directive.Parse
INFO  2009-10-12 16:14:28,496 - Loaded System Directive: org.apache.velocity.runtime.directive.Include
INFO  2009-10-12 16:14:28,506 - Loaded System Directive: org.apache.velocity.runtime.directive.Foreach
INFO  2009-10-12 16:14:28,546 - Created: 20 parsers.
INFO  2009-10-12 16:14:28,556 - Velocimacro : initialization starting.
INFO  2009-10-12 16:14:28,556 - Velocimacro : adding VMs from VM library template : VM_global_library.vm
INFO  2009-10-12 16:14:28,556 - ResourceManager : unable to find resource 'VM_global_library.vm' in any resource loader.
INFO  2009-10-12 16:14:28,556 - Velocimacro : error using  VM library template VM_global_library.vm : org.apache.velocity.exception.ResourceNotFoundException: Unable to find resource 'VM_global_library.vm'
INFO  2009-10-12 16:14:28,556 - Velocimacro :  VM library template macro registration complete.
INFO  2009-10-12 16:14:28,556 - Velocimacro : allowInline = true : VMs can be defined inline in templates
INFO  2009-10-12 16:14:28,556 - Velocimacro : allowInlineToOverride = false : VMs defined inline may NOT replace previous VM definitions
INFO  2009-10-12 16:14:28,556 - Velocimacro : allowInlineLocal = false : VMs defined inline will be  global in scope if allowed.
INFO  2009-10-12 16:14:28,556 - Velocimacro : messages on  : VM system will output logging messages
INFO  2009-10-12 16:14:28,556 - Velocimacro : autoload off  : VM system will not automatically reload global library macros
INFO  2009-10-12 16:14:28,556 - Velocimacro : initialization complete.
INFO  2009-10-12 16:14:28,556 - Velocity successfully started.
DEBUG 2009-10-12 16:14:28,556 - performing VelocityTemplateEngine.processTemplate with templateFile 'templates/SimpleClass.vsl' and templateObjects '{clases=org.andromda.cartridges.simpleclass.metafacades.SimpleClassFacadeLogicImpl[Usuario], strUtils=org.apache.commons.lang.StringUtils@7b2e05}'
INFO  2009-10-12 16:14:28,576 - ResourceManager : found templates/SimpleClass.vsl with loader org.andromda.templateengines.velocity.ClasspathResourceLoader
DEBUG 2009-10-12 16:14:28,576 - mappingObject stereotypes --> '[]'
DEBUG 2009-10-12 16:14:28,576 - evaluating 1 property groups(s) on metafacade 'org.andromda.metafacades.uml14.ServiceOperationLogicImpl[registrar]'
DEBUG 2009-10-12 16:14:28,576 - mappingObject stereotypes --> '[SimpleClass]'
DEBUG 2009-10-12 16:14:28,576 - evaluating 1 property groups(s) on metafacade 'org.andromda.metafacades.uml14.FrontEndControllerLogicImpl[Usuario]'
DEBUG 2009-10-12 16:14:28,576 - property 'useCase', with value '' on metafacade 'org.andromda.metafacades.uml14.FrontEndControllerLogicImpl[Usuario]', evaluated to --> 'false'
DEBUG 2009-10-12 16:14:28,576 - completed evaluating 1 properties on metafacade 'org.andromda.metafacades.uml14.FrontEndControllerLogicImpl[Usuario]' with a result of --> 'false'
DEBUG 2009-10-12 16:14:28,576 - evaluating 1 property groups(s) on metafacade 'org.andromda.metafacades.uml14.FrontEndControllerLogicImpl[Usuario]'
DEBUG 2009-10-12 16:14:28,576 - property 'useCase', with value '' on metafacade 'org.andromda.metafacades.uml14.FrontEndControllerLogicImpl[Usuario]', evaluated to --> 'false'
DEBUG 2009-10-12 16:14:28,576 - completed evaluating 1 properties on metafacade 'org.andromda.metafacades.uml14.FrontEndControllerLogicImpl[Usuario]' with a result of --> 'false'
DEBUG 2009-10-12 16:14:28,576 - property 'owner.serviceMetaType', with value '' on metafacade 'org.andromda.metafacades.uml14.ServiceOperationLogicImpl[registrar]', evaluated to --> 'false'
DEBUG 2009-10-12 16:14:28,576 - completed evaluating 1 properties on metafacade 'org.andromda.metafacades.uml14.ServiceOperationLogicImpl[registrar]' with a result of --> 'false'
DEBUG 2009-10-12 16:14:28,576 - evaluating 1 property groups(s) on metafacade 'org.andromda.metafacades.uml14.FrontEndControllerOperationLogicImpl[registrar]'
DEBUG 2009-10-12 16:14:28,576 - property 'ownerIsController', with value '' on metafacade 'org.andromda.metafacades.uml14.FrontEndControllerOperationLogicImpl[registrar]', evaluated to --> 'false'
DEBUG 2009-10-12 16:14:28,576 - completed evaluating 1 properties on metafacade 'org.andromda.metafacades.uml14.FrontEndControllerOperationLogicImpl[registrar]' with a result of --> 'false'
DEBUG 2009-10-12 16:14:28,576 - evaluating 1 property groups(s) on metafacade 'org.andromda.metafacades.uml14.ServiceOperationLogicImpl[registrar]'
DEBUG 2009-10-12 16:14:28,576 - mappingObject stereotypes --> '[SimpleClass]'
DEBUG 2009-10-12 16:14:28,576 - evaluating 1 property groups(s) on metafacade 'org.andromda.metafacades.uml14.FrontEndControllerLogicImpl[Usuario]'
DEBUG 2009-10-12 16:14:28,576 - property 'useCase', with value '' on metafacade 'org.andromda.metafacades.uml14.FrontEndControllerLogicImpl[Usuario]', evaluated to --> 'false'
DEBUG 2009-10-12 16:14:28,576 - completed evaluating 1 properties on metafacade 'org.andromda.metafacades.uml14.FrontEndControllerLogicImpl[Usuario]' with a result of --> 'false'
DEBUG 2009-10-12 16:14:28,576 - evaluating 1 property groups(s) on metafacade 'org.andromda.metafacades.uml14.FrontEndControllerLogicImpl[Usuario]'
DEBUG 2009-10-12 16:14:28,576 - property 'useCase', with value '' on metafacade 'org.andromda.metafacades.uml14.FrontEndControllerLogicImpl[Usuario]', evaluated to --> 'false'
DEBUG 2009-10-12 16:14:28,576 - completed evaluating 1 properties on metafacade 'org.andromda.metafacades.uml14.FrontEndControllerLogicImpl[Usuario]' with a result of --> 'false'
DEBUG 2009-10-12 16:14:28,576 - property 'owner.serviceMetaType', with value '' on metafacade 'org.andromda.metafacades.uml14.ServiceOperationLogicImpl[registrar]', evaluated to --> 'false'
DEBUG 2009-10-12 16:14:28,576 - completed evaluating 1 properties on metafacade 'org.andromda.metafacades.uml14.ServiceOperationLogicImpl[registrar]' with a result of --> 'false'
DEBUG 2009-10-12 16:14:28,576 - evaluating 1 property groups(s) on metafacade 'org.andromda.metafacades.uml14.FrontEndControllerOperationLogicImpl[registrar]'
DEBUG 2009-10-12 16:14:28,576 - property 'ownerIsController', with value '' on metafacade 'org.andromda.metafacades.uml14.FrontEndControllerOperationLogicImpl[registrar]', evaluated to --> 'false'
DEBUG 2009-10-12 16:14:28,576 - completed evaluating 1 properties on metafacade 'org.andromda.metafacades.uml14.FrontEndControllerOperationLogicImpl[registrar]' with a result of --> 'false'
DEBUG 2009-10-12 16:14:28,576 - mappingObject stereotypes --> '[]'
DEBUG 2009-10-12 16:14:28,576 - evaluating 1 property groups(s) on metafacade 'org.andromda.metafacades.uml14.ServiceOperationLogicImpl[verEstadostocas]'
DEBUG 2009-10-12 16:14:28,576 - mappingObject stereotypes --> '[SimpleClass]'
DEBUG 2009-10-12 16:14:28,576 - evaluating 1 property groups(s) on metafacade 'org.andromda.metafacades.uml14.FrontEndControllerLogicImpl[Usuario]'
DEBUG 2009-10-12 16:14:28,576 - property 'useCase', with value '' on metafacade 'org.andromda.metafacades.uml14.FrontEndControllerLogicImpl[Usuario]', evaluated to --> 'false'
DEBUG 2009-10-12 16:14:28,576 - completed evaluating 1 properties on metafacade 'org.andromda.metafacades.uml14.FrontEndControllerLogicImpl[Usuario]' with a result of --> 'false'
DEBUG 2009-10-12 16:14:28,576 - evaluating 1 property groups(s) on metafacade 'org.andromda.metafacades.uml14.FrontEndControllerLogicImpl[Usuario]'
DEBUG 2009-10-12 16:14:28,576 - property 'useCase', with value '' on metafacade 'org.andromda.metafacades.uml14.FrontEndControllerLogicImpl[Usuario]', evaluated to --> 'false'
DEBUG 2009-10-12 16:14:28,576 - completed evaluating 1 properties on metafacade 'org.andromda.metafacades.uml14.FrontEndControllerLogicImpl[Usuario]' with a result of --> 'false'
DEBUG 2009-10-12 16:14:28,586 - property 'owner.serviceMetaType', with value '' on metafacade 'org.andromda.metafacades.uml14.ServiceOperationLogicImpl[verEstadostocas]', evaluated to --> 'false'
DEBUG 2009-10-12 16:14:28,586 - completed evaluating 1 properties on metafacade 'org.andromda.metafacades.uml14.ServiceOperationLogicImpl[verEstadostocas]' with a result of --> 'false'
DEBUG 2009-10-12 16:14:28,586 - evaluating 1 property groups(s) on metafacade 'org.andromda.metafacades.uml14.FrontEndControllerOperationLogicImpl[verEstadostocas]'
DEBUG 2009-10-12 16:14:28,586 - property 'ownerIsController', with value '' on metafacade 'org.andromda.metafacades.uml14.FrontEndControllerOperationLogicImpl[verEstadostocas]', evaluated to --> 'false'
DEBUG 2009-10-12 16:14:28,586 - completed evaluating 1 properties on metafacade 'org.andromda.metafacades.uml14.FrontEndControllerOperationLogicImpl[verEstadostocas]' with a result of --> 'false'
DEBUG 2009-10-12 16:14:28,586 - evaluating 1 property groups(s) on metafacade 'org.andromda.metafacades.uml14.ServiceOperationLogicImpl[verEstadostocas]'
DEBUG 2009-10-12 16:14:28,586 - mappingObject stereotypes --> '[SimpleClass]'
DEBUG 2009-10-12 16:14:28,586 - evaluating 1 property groups(s) on metafacade 'org.andromda.metafacades.uml14.FrontEndControllerLogicImpl[Usuario]'
DEBUG 2009-10-12 16:14:28,586 - property 'useCase', with value '' on metafacade 'org.andromda.metafacades.uml14.FrontEndControllerLogicImpl[Usuario]', evaluated to --> 'false'
DEBUG 2009-10-12 16:14:28,586 - completed evaluating 1 properties on metafacade 'org.andromda.metafacades.uml14.FrontEndControllerLogicImpl[Usuario]' with a result of --> 'false'
DEBUG 2009-10-12 16:14:28,586 - evaluating 1 property groups(s) on metafacade 'org.andromda.metafacades.uml14.FrontEndControllerLogicImpl[Usuario]'
DEBUG 2009-10-12 16:14:28,586 - property 'useCase', with value '' on metafacade 'org.andromda.metafacades.uml14.FrontEndControllerLogicImpl[Usuario]', evaluated to --> 'false'
DEBUG 2009-10-12 16:14:28,586 - completed evaluating 1 properties on metafacade 'org.andromda.metafacades.uml14.FrontEndControllerLogicImpl[Usuario]' with a result of --> 'false'
DEBUG 2009-10-12 16:14:28,586 - property 'owner.serviceMetaType', with value '' on metafacade 'org.andromda.metafacades.uml14.ServiceOperationLogicImpl[verEstadostocas]', evaluated to --> 'false'
DEBUG 2009-10-12 16:14:28,586 - completed evaluating 1 properties on metafacade 'org.andromda.metafacades.uml14.ServiceOperationLogicImpl[verEstadostocas]' with a result of --> 'false'
DEBUG 2009-10-12 16:14:28,586 - evaluating 1 property groups(s) on metafacade 'org.andromda.metafacades.uml14.FrontEndControllerOperationLogicImpl[verEstadostocas]'
DEBUG 2009-10-12 16:14:28,586 - property 'ownerIsController', with value '' on metafacade 'org.andromda.metafacades.uml14.FrontEndControllerOperationLogicImpl[verEstadostocas]', evaluated to --> 'false'
DEBUG 2009-10-12 16:14:28,586 - completed evaluating 1 properties on metafacade 'org.andromda.metafacades.uml14.FrontEndControllerOperationLogicImpl[verEstadostocas]' with a result of --> 'false'
DEBUG 2009-10-12 16:14:28,586 - mappingObject stereotypes --> '[]'
DEBUG 2009-10-12 16:14:28,586 - evaluating 1 property groups(s) on metafacade 'org.andromda.metafacades.uml14.ServiceOperationLogicImpl[bloquear]'
DEBUG 2009-10-12 16:14:28,586 - mappingObject stereotypes --> '[SimpleClass]'
DEBUG 2009-10-12 16:14:28,586 - evaluating 1 property groups(s) on metafacade 'org.andromda.metafacades.uml14.FrontEndControllerLogicImpl[Usuario]'
DEBUG 2009-10-12 16:14:28,586 - property 'useCase', with value '' on metafacade 'org.andromda.metafacades.uml14.FrontEndControllerLogicImpl[Usuario]', evaluated to --> 'false'
DEBUG 2009-10-12 16:14:28,586 - completed evaluating 1 properties on metafacade 'org.andromda.metafacades.uml14.FrontEndControllerLogicImpl[Usuario]' with a result of --> 'false'
DEBUG 2009-10-12 16:14:28,586 - evaluating 1 property groups(s) on metafacade 'org.andromda.metafacades.uml14.FrontEndControllerLogicImpl[Usuario]'
DEBUG 2009-10-12 16:14:28,586 - property 'useCase', with value '' on metafacade 'org.andromda.metafacades.uml14.FrontEndControllerLogicImpl[Usuario]', evaluated to --> 'false'
DEBUG 2009-10-12 16:14:28,586 - completed evaluating 1 properties on metafacade 'org.andromda.metafacades.uml14.FrontEndControllerLogicImpl[Usuario]' with a result of --> 'false'
DEBUG 2009-10-12 16:14:28,586 - property 'owner.serviceMetaType', with value '' on metafacade 'org.andromda.metafacades.uml14.ServiceOperationLogicImpl[bloquear]', evaluated to --> 'false'
DEBUG 2009-10-12 16:14:28,586 - completed evaluating 1 properties on metafacade 'org.andromda.metafacades.uml14.ServiceOperationLogicImpl[bloquear]' with a result of --> 'false'
DEBUG 2009-10-12 16:14:28,586 - evaluating 1 property groups(s) on metafacade 'org.andromda.metafacades.uml14.FrontEndControllerOperationLogicImpl[bloquear]'
DEBUG 2009-10-12 16:14:28,586 - property 'ownerIsController', with value '' on metafacade 'org.andromda.metafacades.uml14.FrontEndControllerOperationLogicImpl[bloquear]', evaluated to --> 'false'
DEBUG 2009-10-12 16:14:28,586 - completed evaluating 1 properties on metafacade 'org.andromda.metafacades.uml14.FrontEndControllerOperationLogicImpl[bloquear]' with a result of --> 'false'
DEBUG 2009-10-12 16:14:28,586 - evaluating 1 property groups(s) on metafacade 'org.andromda.metafacades.uml14.ServiceOperationLogicImpl[bloquear]'
DEBUG 2009-10-12 16:14:28,586 - mappingObject stereotypes --> '[SimpleClass]'
DEBUG 2009-10-12 16:14:28,586 - evaluating 1 property groups(s) on metafacade 'org.andromda.metafacades.uml14.FrontEndControllerLogicImpl[Usuario]'
DEBUG 2009-10-12 16:14:28,586 - property 'useCase', with value '' on metafacade 'org.andromda.metafacades.uml14.FrontEndControllerLogicImpl[Usuario]', evaluated to --> 'false'
DEBUG 2009-10-12 16:14:28,586 - completed evaluating 1 properties on metafacade 'org.andromda.metafacades.uml14.FrontEndControllerLogicImpl[Usuario]' with a result of --> 'false'
DEBUG 2009-10-12 16:14:28,586 - evaluating 1 property groups(s) on metafacade 'org.andromda.metafacades.uml14.FrontEndControllerLogicImpl[Usuario]'
DEBUG 2009-10-12 16:14:28,586 - property 'useCase', with value '' on metafacade 'org.andromda.metafacades.uml14.FrontEndControllerLogicImpl[Usuario]', evaluated to --> 'false'
DEBUG 2009-10-12 16:14:28,586 - completed evaluating 1 properties on metafacade 'org.andromda.metafacades.uml14.FrontEndControllerLogicImpl[Usuario]' with a result of --> 'false'
DEBUG 2009-10-12 16:14:28,586 - property 'owner.serviceMetaType', with value '' on metafacade 'org.andromda.metafacades.uml14.ServiceOperationLogicImpl[bloquear]', evaluated to --> 'false'
DEBUG 2009-10-12 16:14:28,586 - completed evaluating 1 properties on metafacade 'org.andromda.metafacades.uml14.ServiceOperationLogicImpl[bloquear]' with a result of --> 'false'
DEBUG 2009-10-12 16:14:28,586 - evaluating 1 property groups(s) on metafacade 'org.andromda.metafacades.uml14.FrontEndControllerOperationLogicImpl[bloquear]'
DEBUG 2009-10-12 16:14:28,586 - property 'ownerIsController', with value '' on metafacade 'org.andromda.metafacades.uml14.FrontEndControllerOperationLogicImpl[bloquear]', evaluated to --> 'false'
DEBUG 2009-10-12 16:14:28,586 - completed evaluating 1 properties on metafacade 'org.andromda.metafacades.uml14.FrontEndControllerOperationLogicImpl[bloquear]' with a result of --> 'false'
DEBUG 2009-10-12 16:14:28,586 - mappingObject stereotypes --> '[]'
DEBUG 2009-10-12 16:14:28,586 - mappingObject stereotypes --> '[]'
DEBUG 2009-10-12 16:14:28,586 - mappingObject stereotypes --> '[]'
DEBUG 2009-10-12 16:14:28,586 - mappingObject stereotypes --> '[]'
INFO  2009-10-12 16:16:55,107 - ************************************************************** 
INFO  2009-10-12 16:16:55,107 - Starting Jakarta Velocity v1.4
INFO  2009-10-12 16:16:55,107 - RuntimeInstance initializing.
INFO  2009-10-12 16:16:55,107 - Default Properties File: org\apache\velocity\runtime\defaults\velocity.properties
INFO  2009-10-12 16:16:55,107 - Default ResourceManager initializing. (class org.apache.velocity.runtime.resource.ResourceManagerImpl)
INFO  2009-10-12 16:16:55,107 - Resource Loader Instantiated: org.apache.velocity.runtime.resource.loader.FileResourceLoader
INFO  2009-10-12 16:16:55,107 - FileResourceLoader : initialization starting.
INFO  2009-10-12 16:16:55,107 - FileResourceLoader : adding path '.'
INFO  2009-10-12 16:16:55,107 - FileResourceLoader : initialization complete.
INFO  2009-10-12 16:16:55,107 - Resource Loader Instantiated: org.andromda.templateengines.velocity.ClasspathResourceLoader
INFO  2009-10-12 16:16:55,107 - ClasspathResourceLoader : initialization starting.
INFO  2009-10-12 16:16:55,107 - ClasspathResourceLoader : initialization complete.
INFO  2009-10-12 16:16:55,107 - ResourceCache : initialized. (class org.apache.velocity.runtime.resource.ResourceCacheImpl)
INFO  2009-10-12 16:16:55,107 - Default ResourceManager initialization complete.
INFO  2009-10-12 16:16:55,107 - Loaded System Directive: org.apache.velocity.runtime.directive.Literal
INFO  2009-10-12 16:16:55,107 - Loaded System Directive: org.apache.velocity.runtime.directive.Macro
INFO  2009-10-12 16:16:55,107 - Loaded System Directive: org.apache.velocity.runtime.directive.Parse
INFO  2009-10-12 16:16:55,107 - Loaded System Directive: org.apache.velocity.runtime.directive.Include
INFO  2009-10-12 16:16:55,107 - Loaded System Directive: org.apache.velocity.runtime.directive.Foreach
INFO  2009-10-12 16:16:55,167 - Created: 20 parsers.
INFO  2009-10-12 16:16:55,167 - Velocimacro : initialization starting.
INFO  2009-10-12 16:16:55,167 - Velocimacro : adding VMs from VM library template : VM_global_library.vm
INFO  2009-10-12 16:16:55,177 - ResourceManager : unable to find resource 'VM_global_library.vm' in any resource loader.
INFO  2009-10-12 16:16:55,177 - Velocimacro : error using  VM library template VM_global_library.vm : org.apache.velocity.exception.ResourceNotFoundException: Unable to find resource 'VM_global_library.vm'
INFO  2009-10-12 16:16:55,177 - Velocimacro :  VM library template macro registration complete.
INFO  2009-10-12 16:16:55,177 - Velocimacro : allowInline = true : VMs can be defined inline in templates
INFO  2009-10-12 16:16:55,177 - Velocimacro : allowInlineToOverride = false : VMs defined inline may NOT replace previous VM definitions
INFO  2009-10-12 16:16:55,177 - Velocimacro : allowInlineLocal = false : VMs defined inline will be  global in scope if allowed.
INFO  2009-10-12 16:16:55,177 - Velocimacro : messages on  : VM system will output logging messages
INFO  2009-10-12 16:16:55,177 - Velocimacro : autoload off  : VM system will not automatically reload global library macros
INFO  2009-10-12 16:16:55,177 - Velocimacro : initialization complete.
INFO  2009-10-12 16:16:55,177 - Velocity successfully started.
DEBUG 2009-10-12 16:16:55,177 - performing VelocityTemplateEngine.processTemplate with templateFile 'templates/SimpleClass.vsl' and templateObjects '{clases=org.andromda.cartridges.simpleclass.metafacades.SimpleClassFacadeLogicImpl[Usuario], strUtils=org.apache.commons.lang.StringUtils@104cf67}'
INFO  2009-10-12 16:16:55,187 - ResourceManager : found templates/SimpleClass.vsl with loader org.andromda.templateengines.velocity.ClasspathResourceLoader
DEBUG 2009-10-12 16:16:55,197 - mappingObject stereotypes --> '[]'
DEBUG 2009-10-12 16:16:55,197 - evaluating 1 property groups(s) on metafacade 'org.andromda.metafacades.uml14.ServiceOperationLogicImpl[registrar]'
DEBUG 2009-10-12 16:16:55,197 - mappingObject stereotypes --> '[SimpleClass]'
DEBUG 2009-10-12 16:16:55,197 - evaluating 1 property groups(s) on metafacade 'org.andromda.metafacades.uml14.FrontEndControllerLogicImpl[Usuario]'
DEBUG 2009-10-12 16:16:55,197 - property 'useCase', with value '' on metafacade 'org.andromda.metafacades.uml14.FrontEndControllerLogicImpl[Usuario]', evaluated to --> 'false'
DEBUG 2009-10-12 16:16:55,197 - completed evaluating 1 properties on metafacade 'org.andromda.metafacades.uml14.FrontEndControllerLogicImpl[Usuario]' with a result of --> 'false'
DEBUG 2009-10-12 16:16:55,197 - evaluating 1 property groups(s) on metafacade 'org.andromda.metafacades.uml14.FrontEndControllerLogicImpl[Usuario]'
DEBUG 2009-10-12 16:16:55,197 - property 'useCase', with value '' on metafacade 'org.andromda.metafacades.uml14.FrontEndControllerLogicImpl[Usuario]', evaluated to --> 'false'
DEBUG 2009-10-12 16:16:55,197 - completed evaluating 1 properties on metafacade 'org.andromda.metafacades.uml14.FrontEndControllerLogicImpl[Usuario]' with a result of --> 'false'
DEBUG 2009-10-12 16:16:55,197 - property 'owner.serviceMetaType', with value '' on metafacade 'org.andromda.metafacades.uml14.ServiceOperationLogicImpl[registrar]', evaluated to --> 'false'
DEBUG 2009-10-12 16:16:55,197 - completed evaluating 1 properties on metafacade 'org.andromda.metafacades.uml14.ServiceOperationLogicImpl[registrar]' with a result of --> 'false'
DEBUG 2009-10-12 16:16:55,197 - evaluating 1 property groups(s) on metafacade 'org.andromda.metafacades.uml14.FrontEndControllerOperationLogicImpl[registrar]'
DEBUG 2009-10-12 16:16:55,197 - property 'ownerIsController', with value '' on metafacade 'org.andromda.metafacades.uml14.FrontEndControllerOperationLogicImpl[registrar]', evaluated to --> 'false'
DEBUG 2009-10-12 16:16:55,197 - completed evaluating 1 properties on metafacade 'org.andromda.metafacades.uml14.FrontEndControllerOperationLogicImpl[registrar]' with a result of --> 'false'
DEBUG 2009-10-12 16:16:55,197 - evaluating 1 property groups(s) on metafacade 'org.andromda.metafacades.uml14.ServiceOperationLogicImpl[registrar]'
DEBUG 2009-10-12 16:16:55,197 - mappingObject stereotypes --> '[SimpleClass]'
DEBUG 2009-10-12 16:16:55,197 - evaluating 1 property groups(s) on metafacade 'org.andromda.metafacades.uml14.FrontEndControllerLogicImpl[Usuario]'
DEBUG 2009-10-12 16:16:55,197 - property 'useCase', with value '' on metafacade 'org.andromda.metafacades.uml14.FrontEndControllerLogicImpl[Usuario]', evaluated to --> 'false'
DEBUG 2009-10-12 16:16:55,197 - completed evaluating 1 properties on metafacade 'org.andromda.metafacades.uml14.FrontEndControllerLogicImpl[Usuario]' with a result of --> 'false'
DEBUG 2009-10-12 16:16:55,197 - evaluating 1 property groups(s) on metafacade 'org.andromda.metafacades.uml14.FrontEndControllerLogicImpl[Usuario]'
DEBUG 2009-10-12 16:16:55,197 - property 'useCase', with value '' on metafacade 'org.andromda.metafacades.uml14.FrontEndControllerLogicImpl[Usuario]', evaluated to --> 'false'
DEBUG 2009-10-12 16:16:55,197 - completed evaluating 1 properties on metafacade 'org.andromda.metafacades.uml14.FrontEndControllerLogicImpl[Usuario]' with a result of --> 'false'
DEBUG 2009-10-12 16:16:55,197 - property 'owner.serviceMetaType', with value '' on metafacade 'org.andromda.metafacades.uml14.ServiceOperationLogicImpl[registrar]', evaluated to --> 'false'
DEBUG 2009-10-12 16:16:55,197 - completed evaluating 1 properties on metafacade 'org.andromda.metafacades.uml14.ServiceOperationLogicImpl[registrar]' with a result of --> 'false'
DEBUG 2009-10-12 16:16:55,197 - evaluating 1 property groups(s) on metafacade 'org.andromda.metafacades.uml14.FrontEndControllerOperationLogicImpl[registrar]'
DEBUG 2009-10-12 16:16:55,197 - property 'ownerIsController', with value '' on metafacade 'org.andromda.metafacades.uml14.FrontEndControllerOperationLogicImpl[registrar]', evaluated to --> 'false'
DEBUG 2009-10-12 16:16:55,197 - completed evaluating 1 properties on metafacade 'org.andromda.metafacades.uml14.FrontEndControllerOperationLogicImpl[registrar]' with a result of --> 'false'
DEBUG 2009-10-12 16:16:55,197 - mappingObject stereotypes --> '[]'
DEBUG 2009-10-12 16:16:55,197 - evaluating 1 property groups(s) on metafacade 'org.andromda.metafacades.uml14.ServiceOperationLogicImpl[verEstadostocas]'
DEBUG 2009-10-12 16:16:55,197 - mappingObject stereotypes --> '[SimpleClass]'
DEBUG 2009-10-12 16:16:55,197 - evaluating 1 property groups(s) on metafacade 'org.andromda.metafacades.uml14.FrontEndControllerLogicImpl[Usuario]'
DEBUG 2009-10-12 16:16:55,197 - property 'useCase', with value '' on metafacade 'org.andromda.metafacades.uml14.FrontEndControllerLogicImpl[Usuario]', evaluated to --> 'false'
DEBUG 2009-10-12 16:16:55,197 - completed evaluating 1 properties on metafacade 'org.andromda.metafacades.uml14.FrontEndControllerLogicImpl[Usuario]' with a result of --> 'false'
DEBUG 2009-10-12 16:16:55,197 - evaluating 1 property groups(s) on metafacade 'org.andromda.metafacades.uml14.FrontEndControllerLogicImpl[Usuario]'
DEBUG 2009-10-12 16:16:55,197 - property 'useCase', with value '' on metafacade 'org.andromda.metafacades.uml14.FrontEndControllerLogicImpl[Usuario]', evaluated to --> 'false'
DEBUG 2009-10-12 16:16:55,197 - completed evaluating 1 properties on metafacade 'org.andromda.metafacades.uml14.FrontEndControllerLogicImpl[Usuario]' with a result of --> 'false'
DEBUG 2009-10-12 16:16:55,207 - property 'owner.serviceMetaType', with value '' on metafacade 'org.andromda.metafacades.uml14.ServiceOperationLogicImpl[verEstadostocas]', evaluated to --> 'false'
DEBUG 2009-10-12 16:16:55,207 - completed evaluating 1 properties on metafacade 'org.andromda.metafacades.uml14.ServiceOperationLogicImpl[verEstadostocas]' with a result of --> 'false'
DEBUG 2009-10-12 16:16:55,207 - evaluating 1 property groups(s) on metafacade 'org.andromda.metafacades.uml14.FrontEndControllerOperationLogicImpl[verEstadostocas]'
DEBUG 2009-10-12 16:16:55,207 - property 'ownerIsController', with value '' on metafacade 'org.andromda.metafacades.uml14.FrontEndControllerOperationLogicImpl[verEstadostocas]', evaluated to --> 'false'
DEBUG 2009-10-12 16:16:55,207 - completed evaluating 1 properties on metafacade 'org.andromda.metafacades.uml14.FrontEndControllerOperationLogicImpl[verEstadostocas]' with a result of --> 'false'
DEBUG 2009-10-12 16:16:55,207 - evaluating 1 property groups(s) on metafacade 'org.andromda.metafacades.uml14.ServiceOperationLogicImpl[verEstadostocas]'
DEBUG 2009-10-12 16:16:55,207 - mappingObject stereotypes --> '[SimpleClass]'
DEBUG 2009-10-12 16:16:55,207 - evaluating 1 property groups(s) on metafacade 'org.andromda.metafacades.uml14.FrontEndControllerLogicImpl[Usuario]'
DEBUG 2009-10-12 16:16:55,207 - property 'useCase', with value '' on metafacade 'org.andromda.metafacades.uml14.FrontEndControllerLogicImpl[Usuario]', evaluated to --> 'false'
DEBUG 2009-10-12 16:16:55,207 - completed evaluating 1 properties on metafacade 'org.andromda.metafacades.uml14.FrontEndControllerLogicImpl[Usuario]' with a result of --> 'false'
DEBUG 2009-10-12 16:16:55,207 - evaluating 1 property groups(s) on metafacade 'org.andromda.metafacades.uml14.FrontEndControllerLogicImpl[Usuario]'
DEBUG 2009-10-12 16:16:55,207 - property 'useCase', with value '' on metafacade 'org.andromda.metafacades.uml14.FrontEndControllerLogicImpl[Usuario]', evaluated to --> 'false'
DEBUG 2009-10-12 16:16:55,207 - completed evaluating 1 properties on metafacade 'org.andromda.metafacades.uml14.FrontEndControllerLogicImpl[Usuario]' with a result of --> 'false'
DEBUG 2009-10-12 16:16:55,207 - property 'owner.serviceMetaType', with value '' on metafacade 'org.andromda.metafacades.uml14.ServiceOperationLogicImpl[verEstadostocas]', evaluated to --> 'false'
DEBUG 2009-10-12 16:16:55,207 - completed evaluating 1 properties on metafacade 'org.andromda.metafacades.uml14.ServiceOperationLogicImpl[verEstadostocas]' with a result of --> 'false'
DEBUG 2009-10-12 16:16:55,207 - evaluating 1 property groups(s) on metafacade 'org.andromda.metafacades.uml14.FrontEndControllerOperationLogicImpl[verEstadostocas]'
DEBUG 2009-10-12 16:16:55,207 - property 'ownerIsController', with value '' on metafacade 'org.andromda.metafacades.uml14.FrontEndControllerOperationLogicImpl[verEstadostocas]', evaluated to --> 'false'
DEBUG 2009-10-12 16:16:55,207 - completed evaluating 1 properties on metafacade 'org.andromda.metafacades.uml14.FrontEndControllerOperationLogicImpl[verEstadostocas]' with a result of --> 'false'
DEBUG 2009-10-12 16:16:55,207 - mappingObject stereotypes --> '[]'
DEBUG 2009-10-12 16:16:55,207 - evaluating 1 property groups(s) on metafacade 'org.andromda.metafacades.uml14.ServiceOperationLogicImpl[bloquear]'
DEBUG 2009-10-12 16:16:55,207 - mappingObject stereotypes --> '[SimpleClass]'
DEBUG 2009-10-12 16:16:55,207 - evaluating 1 property groups(s) on metafacade 'org.andromda.metafacades.uml14.FrontEndControllerLogicImpl[Usuario]'
DEBUG 2009-10-12 16:16:55,207 - property 'useCase', with value '' on metafacade 'org.andromda.metafacades.uml14.FrontEndControllerLogicImpl[Usuario]', evaluated to --> 'false'
DEBUG 2009-10-12 16:16:55,207 - completed evaluating 1 properties on metafacade 'org.andromda.metafacades.uml14.FrontEndControllerLogicImpl[Usuario]' with a result of --> 'false'
DEBUG 2009-10-12 16:16:55,207 - evaluating 1 property groups(s) on metafacade 'org.andromda.metafacades.uml14.FrontEndControllerLogicImpl[Usuario]'
DEBUG 2009-10-12 16:16:55,207 - property 'useCase', with value '' on metafacade 'org.andromda.metafacades.uml14.FrontEndControllerLogicImpl[Usuario]', evaluated to --> 'false'
DEBUG 2009-10-12 16:16:55,207 - completed evaluating 1 properties on metafacade 'org.andromda.metafacades.uml14.FrontEndControllerLogicImpl[Usuario]' with a result of --> 'false'
DEBUG 2009-10-12 16:16:55,207 - property 'owner.serviceMetaType', with value '' on metafacade 'org.andromda.metafacades.uml14.ServiceOperationLogicImpl[bloquear]', evaluated to --> 'false'
DEBUG 2009-10-12 16:16:55,207 - completed evaluating 1 properties on metafacade 'org.andromda.metafacades.uml14.ServiceOperationLogicImpl[bloquear]' with a result of --> 'false'
DEBUG 2009-10-12 16:16:55,207 - evaluating 1 property groups(s) on metafacade 'org.andromda.metafacades.uml14.FrontEndControllerOperationLogicImpl[bloquear]'
DEBUG 2009-10-12 16:16:55,207 - property 'ownerIsController', with value '' on metafacade 'org.andromda.metafacades.uml14.FrontEndControllerOperationLogicImpl[bloquear]', evaluated to --> 'false'
DEBUG 2009-10-12 16:16:55,207 - completed evaluating 1 properties on metafacade 'org.andromda.metafacades.uml14.FrontEndControllerOperationLogicImpl[bloquear]' with a result of --> 'false'
DEBUG 2009-10-12 16:16:55,207 - evaluating 1 property groups(s) on metafacade 'org.andromda.metafacades.uml14.ServiceOperationLogicImpl[bloquear]'
DEBUG 2009-10-12 16:16:55,207 - mappingObject stereotypes --> '[SimpleClass]'
DEBUG 2009-10-12 16:16:55,207 - evaluating 1 property groups(s) on metafacade 'org.andromda.metafacades.uml14.FrontEndControllerLogicImpl[Usuario]'
DEBUG 2009-10-12 16:16:55,207 - property 'useCase', with value '' on metafacade 'org.andromda.metafacades.uml14.FrontEndControllerLogicImpl[Usuario]', evaluated to --> 'false'
DEBUG 2009-10-12 16:16:55,207 - completed evaluating 1 properties on metafacade 'org.andromda.metafacades.uml14.FrontEndControllerLogicImpl[Usuario]' with a result of --> 'false'
DEBUG 2009-10-12 16:16:55,207 - evaluating 1 property groups(s) on metafacade 'org.andromda.metafacades.uml14.FrontEndControllerLogicImpl[Usuario]'
DEBUG 2009-10-12 16:16:55,207 - property 'useCase', with value '' on metafacade 'org.andromda.metafacades.uml14.FrontEndControllerLogicImpl[Usuario]', evaluated to --> 'false'
DEBUG 2009-10-12 16:16:55,207 - completed evaluating 1 properties on metafacade 'org.andromda.metafacades.uml14.FrontEndControllerLogicImpl[Usuario]' with a result of --> 'false'
DEBUG 2009-10-12 16:16:55,207 - property 'owner.serviceMetaType', with value '' on metafacade 'org.andromda.metafacades.uml14.ServiceOperationLogicImpl[bloquear]', evaluated to --> 'false'
DEBUG 2009-10-12 16:16:55,207 - completed evaluating 1 properties on metafacade 'org.andromda.metafacades.uml14.ServiceOperationLogicImpl[bloquear]' with a result of --> 'false'
DEBUG 2009-10-12 16:16:55,207 - evaluating 1 property groups(s) on metafacade 'org.andromda.metafacades.uml14.FrontEndControllerOperationLogicImpl[bloquear]'
DEBUG 2009-10-12 16:16:55,207 - property 'ownerIsController', with value '' on metafacade 'org.andromda.metafacades.uml14.FrontEndControllerOperationLogicImpl[bloquear]', evaluated to --> 'false'
DEBUG 2009-10-12 16:16:55,207 - completed evaluating 1 properties on metafacade 'org.andromda.metafacades.uml14.FrontEndControllerOperationLogicImpl[bloquear]' with a result of --> 'false'
DEBUG 2009-10-12 16:16:55,207 - mappingObject stereotypes --> '[]'
DEBUG 2009-10-12 16:16:55,207 - mappingObject stereotypes --> '[]'
DEBUG 2009-10-12 16:16:55,207 - mappingObject stereotypes --> '[]'
DEBUG 2009-10-12 16:16:55,207 - mappingObject stereotypes --> '[]'
